#
# There is insufficient memory for the Java Runtime Environment to continue.
# Native memory allocation (malloc) failed to allocate 681776 bytes for Chunk::new
# Possible reasons:
#   The system is out of physical RAM or swap space
#   The process is running with CompressedOops enabled, and the Java Heap may be blocking the growth of the native heap
# Possible solutions:
#   Reduce memory load on the system
#   Increase physical memory or swap space
#   Check if swap backing store is full
#   Decrease Java heap size (-Xmx/-Xms)
#   Decrease number of Java threads
#   Decrease Java thread stack sizes (-Xss)
#   Set larger code cache with -XX:ReservedCodeCacheSize=
#   JVM is running with Unscaled Compressed Oops mode in which the Java heap is
#     placed in the first 4GB address space. The Java Heap base address is the
#     maximum limit for the native heap growth. Please use -XX:HeapBaseMinAddress
#     to set the Java Heap base and to place the Java Heap above 4GB virtual address.
# This output file may be truncated or incomplete.
#
#  Out of Memory Error (arena.cpp:168), pid=11332, tid=11384
#
# JRE version: Java(TM) SE Runtime Environment (21.0.4+8) (build 21.0.4+8-LTS-274)
# Java VM: Java HotSpot(TM) 64-Bit Server VM (21.0.4+8-LTS-274, mixed mode, sharing, tiered, compressed oops, compressed class ptrs, g1 gc, windows-amd64)
# No core dump will be written. Minidumps are not enabled by default on client versions of Windows
#

---------------  S U M M A R Y ------------

Command Line: --add-opens=java.base/java.lang=ALL-UNNAMED --add-opens=java.base/java.lang.invoke=ALL-UNNAMED --add-opens=java.base/java.util=ALL-UNNAMED --add-opens=java.prefs/java.util.prefs=ALL-UNNAMED --add-exports=jdk.compiler/com.sun.tools.javac.api=ALL-UNNAMED --add-exports=jdk.compiler/com.sun.tools.javac.util=ALL-UNNAMED --add-opens=java.base/java.util=ALL-UNNAMED --add-opens=java.prefs/java.util.prefs=ALL-UNNAMED --add-opens=java.base/java.nio.charset=ALL-UNNAMED --add-opens=java.base/java.net=ALL-UNNAMED --add-opens=java.base/java.util.concurrent=ALL-UNNAMED --add-opens=java.base/java.util.concurrent.atomic=ALL-UNNAMED --add-opens=java.xml/javax.xml.namespace=ALL-UNNAMED --add-opens=java.base/java.time=ALL-UNNAMED -Xmx2048m -Dfile.encoding=UTF-8 -Duser.country=US -Duser.language=en -Duser.variant -javaagent:C:\Users\Justzurama\.gradle\wrapper\dists\gradle-9.2.1-bin\2t0n5ozlw9xmuyvbp7dnzaxug\gradle-9.2.1\lib\agents\gradle-instrumentation-agent-9.2.1.jar org.gradle.launcher.daemon.bootstrap.GradleDaemon 9.2.1

Host: Intel(R) Celeron(R) N4020 CPU @ 1.10GHz, 2 cores, 7G,  Windows 10 , 64 bit Build 19041 (10.0.19041.5438)
Time: Mon Jun 15 13:00:29 2026 Malay Peninsula Standard Time elapsed time: 3342.447362 seconds (0d 0h 55m 42s)

---------------  T H R E A D  ---------------

Current thread (0x0000021e544bdc20):  JavaThread "C2 CompilerThread0" daemon [_thread_in_native, id=11384, stack(0x00000056d3600000,0x00000056d3700000) (1024K)]


Current CompileTask:
C2:3342447 29543       4       org.gradle.util.internal.CollectionUtils::collect (44 bytes)

Stack: [0x00000056d3600000,0x00000056d3700000]
Native frames: (J=compiled Java code, j=interpreted, Vv=VM code, C=native code)
V  [jvm.dll+0x6c8e59]
V  [jvm.dll+0x853181]
V  [jvm.dll+0x8556ae]
V  [jvm.dll+0x855d83]
V  [jvm.dll+0x27d526]
V  [jvm.dll+0xc4aad]
V  [jvm.dll+0xc4fe3]
V  [jvm.dll+0x2f038f]
V  [jvm.dll+0x5f406a]
V  [jvm.dll+0x24f102]
V  [jvm.dll+0x24f4bf]
V  [jvm.dll+0x2480c4]
V  [jvm.dll+0x245754]
V  [jvm.dll+0x1c69de]
V  [jvm.dll+0x254d49]
V  [jvm.dll+0x2532da]
V  [jvm.dll+0x3ed426]
V  [jvm.dll+0x7fd65b]
V  [jvm.dll+0x6c753d]
C  [ucrtbase.dll+0x21bb2]
C  [KERNEL32.DLL+0x17374]
C  [ntdll.dll+0x4cc91]


---------------  P R O C E S S  ---------------

Threads class SMR info:
_java_thread_list=0x0000021e9d687800, length=42, elements={
0x0000021e38891170, 0x0000021e544b2600, 0x0000021e544b7380, 0x0000021e544b98a0,
0x0000021e544baaa0, 0x0000021e544bb500, 0x0000021e544bc390, 0x0000021e544bdc20,
0x0000021e544ce980, 0x0000021e5467d860, 0x0000021e54820810, 0x0000021e9b5ba810,
0x0000021e9a09bb70, 0x0000021e9b654ca0, 0x0000021e9b7a5400, 0x0000021e9b7a2610,
0x0000021e9b7a3330, 0x0000021e9b9d2010, 0x0000021e9b9d61b0, 0x0000021e9b9d9630,
0x0000021e9b9d6ed0, 0x0000021e9b9d33c0, 0x0000021e9ce99410, 0x0000021ea47244a0,
0x0000021ea4720300, 0x0000021ea44f9e60, 0x0000021e9a68d080, 0x0000021e9e9fb3e0,
0x0000021e9e9ffc10, 0x0000021e9e9fba70, 0x0000021e9e9ff580, 0x0000021e9ea002a0,
0x0000021e9e9fe860, 0x0000021e9e9fce20, 0x0000021e9e9fe1d0, 0x0000021e9e9fd4b0,
0x0000021e9e9fdb40, 0x0000021e9e9feef0, 0x0000021e9ea00fc0, 0x0000021e9e9fa6c0,
0x0000021e9e9fad50, 0x0000021e9e9fa030
}

Java Threads: ( => current thread )
  0x0000021e38891170 JavaThread "main"                              [_thread_blocked, id=2972, stack(0x00000056d2800000,0x00000056d2900000) (1024K)]
  0x0000021e544b2600 JavaThread "Reference Handler"          daemon [_thread_blocked, id=11736, stack(0x00000056d3000000,0x00000056d3100000) (1024K)]
  0x0000021e544b7380 JavaThread "Finalizer"                  daemon [_thread_blocked, id=13032, stack(0x00000056d3100000,0x00000056d3200000) (1024K)]
  0x0000021e544b98a0 JavaThread "Signal Dispatcher"          daemon [_thread_blocked, id=11172, stack(0x00000056d3200000,0x00000056d3300000) (1024K)]
  0x0000021e544baaa0 JavaThread "Attach Listener"            daemon [_thread_blocked, id=4792, stack(0x00000056d3300000,0x00000056d3400000) (1024K)]
  0x0000021e544bb500 JavaThread "Service Thread"             daemon [_thread_blocked, id=12452, stack(0x00000056d3400000,0x00000056d3500000) (1024K)]
  0x0000021e544bc390 JavaThread "Monitor Deflation Thread"   daemon [_thread_blocked, id=3372, stack(0x00000056d3500000,0x00000056d3600000) (1024K)]
=>0x0000021e544bdc20 JavaThread "C2 CompilerThread0"         daemon [_thread_in_native, id=11384, stack(0x00000056d3600000,0x00000056d3700000) (1024K)]
  0x0000021e544ce980 JavaThread "C1 CompilerThread0"         daemon [_thread_blocked, id=9944, stack(0x00000056d3700000,0x00000056d3800000) (1024K)]
  0x0000021e5467d860 JavaThread "Common-Cleaner"             daemon [_thread_blocked, id=7720, stack(0x00000056d3800000,0x00000056d3900000) (1024K)]
  0x0000021e54820810 JavaThread "Notification Thread"        daemon [_thread_blocked, id=12208, stack(0x00000056d3900000,0x00000056d3a00000) (1024K)]
  0x0000021e9b5ba810 JavaThread "Daemon health stats"               [_thread_blocked, id=13092, stack(0x00000056d3b00000,0x00000056d3c00000) (1024K)]
  0x0000021e9a09bb70 JavaThread "Incoming local TCP Connector on port 50515"        [_thread_in_native, id=5520, stack(0x00000056d3c00000,0x00000056d3d00000) (1024K)]
  0x0000021e9b654ca0 JavaThread "Daemon periodic checks"            [_thread_blocked, id=5492, stack(0x00000056d3d00000,0x00000056d3e00000) (1024K)]
  0x0000021e9b7a5400 JavaThread "Cache worker for journal cache (C:\Users\Justzurama\.gradle\caches\journal-1)"        [_thread_blocked, id=5976, stack(0x00000056d4500000,0x00000056d4600000) (1024K)]
  0x0000021e9b7a2610 JavaThread "File lock request listener"        [_thread_in_native, id=5992, stack(0x00000056d4600000,0x00000056d4700000) (1024K)]
  0x0000021e9b7a3330 JavaThread "Cache worker for file hash cache (C:\Users\Justzurama\.gradle\caches\9.2.1\fileHashes)"        [_thread_blocked, id=9604, stack(0x00000056d4700000,0x00000056d4800000) (1024K)]
  0x0000021e9b9d2010 JavaThread "File watcher server"        daemon [_thread_in_native, id=11920, stack(0x00000056d4a00000,0x00000056d4b00000) (1024K)]
  0x0000021e9b9d61b0 JavaThread "File watcher consumer"      daemon [_thread_blocked, id=6876, stack(0x00000056d4b00000,0x00000056d4c00000) (1024K)]
  0x0000021e9b9d9630 JavaThread "Cache worker for file content cache (C:\Users\Justzurama\.gradle\caches\9.2.1\fileContent)"        [_thread_blocked, id=5556, stack(0x00000056d4d00000,0x00000056d4e00000) (1024K)]
  0x0000021e9b9d6ed0 JavaThread "jar transforms"                    [_thread_blocked, id=5876, stack(0x00000056d5000000,0x00000056d5100000) (1024K)]
  0x0000021e9b9d33c0 JavaThread "jar transforms Thread 2"           [_thread_blocked, id=13136, stack(0x00000056d5400000,0x00000056d5500000) (1024K)]
  0x0000021e9ce99410 JavaThread "Memory manager"                    [_thread_blocked, id=9600, stack(0x00000056d5900000,0x00000056d5a00000) (1024K)]
  0x0000021ea47244a0 JavaThread "pool-3-thread-1"                   [_thread_blocked, id=12104, stack(0x00000056d5b00000,0x00000056d5c00000) (1024K)]
  0x0000021ea4720300 JavaThread "Cache worker for Java compile cache (C:\Users\Justzurama\.gradle\caches\9.2.1\javaCompile)"        [_thread_blocked, id=4840, stack(0x00000056d6700000,0x00000056d6800000) (1024K)]
  0x0000021ea44f9e60 JavaThread "pool-8-thread-1"                   [_thread_blocked, id=10836, stack(0x00000056d5600000,0x00000056d5700000) (1024K)]
  0x0000021e9a68d080 JavaThread "pool-13-thread-1"                  [_thread_blocked, id=11392, stack(0x00000056d5700000,0x00000056d5800000) (1024K)]
  0x0000021e9e9fb3e0 JavaThread "Daemon Thread 4"                   [_thread_blocked, id=1400, stack(0x00000056d2600000,0x00000056d2700000) (1024K)]
  0x0000021e9e9ffc10 JavaThread "Handler for socket connection from /127.0.0.1:50515 to /127.0.0.1:50904"        [_thread_in_native, id=12092, stack(0x00000056d2700000,0x00000056d2800000) (1024K)]
  0x0000021e9e9fba70 JavaThread "Cancel handler"                    [_thread_blocked, id=9500, stack(0x00000056d3e00000,0x00000056d3f00000) (1024K)]
  0x0000021e9e9ff580 JavaThread "Daemon worker Thread 4"            [_thread_in_Java, id=13216, stack(0x00000056d3f00000,0x00000056d4000000) (1024K)]
  0x0000021e9ea002a0 JavaThread "Asynchronous log dispatcher for DefaultDaemonConnection: socket connection from /127.0.0.1:50515 to /127.0.0.1:50904"        [_thread_blocked, id=8244, stack(0x00000056d4000000,0x00000056d4100000) (1024K)]
  0x0000021e9e9fe860 JavaThread "Stdin handler"                     [_thread_blocked, id=4624, stack(0x00000056d4100000,0x00000056d4200000) (1024K)]
  0x0000021e9e9fce20 JavaThread "Daemon client event forwarder"        [_thread_blocked, id=13220, stack(0x00000056d4200000,0x00000056d4300000) (1024K)]
  0x0000021e9e9fe1d0 JavaThread "Cache worker for file hash cache (C:\Users\Justzurama\AndroidStudioProjects\PestLightTrap\.gradle\9.2.1\fileHashes)"        [_thread_blocked, id=5948, stack(0x00000056d4300000,0x00000056d4400000) (1024K)]
  0x0000021e9e9fd4b0 JavaThread "Cache worker for Build Output Cleanup Cache (C:\Users\Justzurama\AndroidStudioProjects\PestLightTrap\.gradle\buildOutputCleanup)"        [_thread_blocked, id=10408, stack(0x00000056d4400000,0x00000056d4500000) (1024K)]
  0x0000021e9e9fdb40 JavaThread "Cache worker for checksums cache (C:\Users\Justzurama\AndroidStudioProjects\PestLightTrap\.gradle\9.2.1\checksums)"        [_thread_blocked, id=4664, stack(0x00000056d4800000,0x00000056d4900000) (1024K)]
  0x0000021e9e9feef0 JavaThread "Cache worker for cache directory md-supplier (C:\Users\Justzurama\.gradle\caches\9.2.1\md-supplier)"        [_thread_blocked, id=13248, stack(0x00000056d4900000,0x00000056d4a00000) (1024K)]
  0x0000021e9ea00fc0 JavaThread "Cache worker for cache directory md-rule (C:\Users\Justzurama\.gradle\caches\9.2.1\md-rule)"        [_thread_blocked, id=11432, stack(0x00000056d4c00000,0x00000056d4d00000) (1024K)]
  0x0000021e9e9fa6c0 JavaThread "Unconstrained build operations"        [_thread_blocked, id=12320, stack(0x00000056d4e00000,0x00000056d4f00000) (1024K)]
  0x0000021e9e9fad50 JavaThread "Unconstrained build operations Thread 2"        [_thread_blocked, id=8324, stack(0x00000056d4f00000,0x00000056d5000000) (1024K)]
  0x0000021e9e9fa030 JavaThread "Problems report writer"            [_thread_blocked, id=11824, stack(0x00000056d5100000,0x00000056d5200000) (1024K)]
Total: 42

Other Threads:
  0x0000021e54491060 VMThread "VM Thread"                           [id=12008, stack(0x00000056d2f00000,0x00000056d3000000) (1024K)]
  0x0000021e54479dd0 WatcherThread "VM Periodic Task Thread"        [id=4788, stack(0x00000056d2e00000,0x00000056d2f00000) (1024K)]
  0x0000021e388e7de0 WorkerThread "GC Thread#0"                     [id=7876, stack(0x00000056d2900000,0x00000056d2a00000) (1024K)]
  0x0000021e54839c80 WorkerThread "GC Thread#1"                     [id=8700, stack(0x00000056d3a00000,0x00000056d3b00000) (1024K)]
  0x0000021e388f8e70 ConcurrentGCThread "G1 Main Marker"            [id=4584, stack(0x00000056d2a00000,0x00000056d2b00000) (1024K)]
  0x0000021e388fa010 WorkerThread "G1 Conc#0"                       [id=5248, stack(0x00000056d2b00000,0x00000056d2c00000) (1024K)]
  0x0000021e543520b0 ConcurrentGCThread "G1 Refine#0"               [id=13164, stack(0x00000056d2c00000,0x00000056d2d00000) (1024K)]
  0x0000021e54352b20 ConcurrentGCThread "G1 Service"                [id=10936, stack(0x00000056d2d00000,0x00000056d2e00000) (1024K)]
Total: 8

Threads with active compile tasks:
C2 CompilerThread0  3342483 29543       4       org.gradle.util.internal.CollectionUtils::collect (44 bytes)
Total: 1

VM state: not at safepoint (normal execution)

VM Mutex/Monitor currently owned by a thread: None

Heap address: 0x0000000080000000, size: 2048 MB, Compressed Oops mode: 32-bit

CDS archive(s) mapped at: [0x0000021e55000000-0x0000021e55c90000-0x0000021e55c90000), size 13172736, SharedBaseAddress: 0x0000021e55000000, ArchiveRelocationMode: 1.
Compressed class space mapped at: 0x0000021e56000000-0x0000021e96000000, reserved size: 1073741824
Narrow klass base: 0x0000021e55000000, Narrow klass shift: 0, Narrow klass range: 0x100000000

GC Precious Log:
 CardTable entry size: 512
 Card Set container configuration: InlinePtr #cards 5 size 8 Array Of Cards #cards 12 size 40 Howl #buckets 4 coarsen threshold 1843 Howl Bitmap #cards 512 size 80 coarsen threshold 460 Card regions per heap region 1 cards per card region 2048
 CPUs: 2 total, 2 available
 Memory: 7998M
 Large Page Support: Disabled
 NUMA Support: Disabled
 Compressed Oops: Enabled (32-bit)
 Heap Region Size: 1M
 Heap Min Capacity: 8M
 Heap Initial Capacity: 126M
 Heap Max Capacity: 2G
 Pre-touch: Disabled
 Parallel Workers: 2
 Concurrent Workers: 1
 Concurrent Refinement Workers: 2
 Periodic GC: Disabled

Heap:
 garbage-first heap   total 315392K, used 153600K [0x0000000080000000, 0x0000000100000000)
  region size 1024K, 4 young (4096K), 2 survivors (2048K)
 Metaspace       used 148101K, committed 151552K, reserved 1179648K
  class space    used 18969K, committed 20928K, reserved 1048576K

Heap Regions: E=young(eden), S=young(survivor), O=old, HS=humongous(starts), HC=humongous(continues), CS=collection set, F=free, TAMS=top-at-mark-start, PB=parsable bottom
|   0|0x0000000080000000, 0x0000000080100000, 0x0000000080100000|100%| O|  |TAMS 0x0000000080000000| PB 0x0000000080000000| Untracked 
|   1|0x0000000080100000, 0x0000000080200000, 0x0000000080200000|100%| O|  |TAMS 0x0000000080100000| PB 0x0000000080100000| Untracked 
|   2|0x0000000080200000, 0x0000000080300000, 0x0000000080300000|100%|HS|  |TAMS 0x0000000080200000| PB 0x0000000080200000| Complete 
|   3|0x0000000080300000, 0x0000000080400000, 0x0000000080400000|100%|HC|  |TAMS 0x0000000080300000| PB 0x0000000080300000| Complete 
|   4|0x0000000080400000, 0x0000000080500000, 0x0000000080500000|100%|HC|  |TAMS 0x0000000080400000| PB 0x0000000080400000| Complete 
|   5|0x0000000080500000, 0x0000000080600000, 0x0000000080600000|100%|HC|  |TAMS 0x0000000080500000| PB 0x0000000080500000| Complete 
|   6|0x0000000080600000, 0x0000000080700000, 0x0000000080700000|100%|HS|  |TAMS 0x0000000080600000| PB 0x0000000080600000| Complete 
|   7|0x0000000080700000, 0x0000000080800000, 0x0000000080800000|100%| O|  |TAMS 0x0000000080700000| PB 0x0000000080700000| Untracked 
|   8|0x0000000080800000, 0x0000000080900000, 0x0000000080900000|100%| O|  |TAMS 0x0000000080800000| PB 0x0000000080800000| Untracked 
|   9|0x0000000080900000, 0x0000000080a00000, 0x0000000080a00000|100%| O|  |TAMS 0x0000000080900000| PB 0x0000000080900000| Untracked 
|  10|0x0000000080a00000, 0x0000000080b00000, 0x0000000080b00000|100%| O|  |TAMS 0x0000000080a00000| PB 0x0000000080a00000| Untracked 
|  11|0x0000000080b00000, 0x0000000080c00000, 0x0000000080c00000|100%| O|  |TAMS 0x0000000080b00000| PB 0x0000000080b00000| Untracked 
|  12|0x0000000080c00000, 0x0000000080d00000, 0x0000000080d00000|100%| O|  |TAMS 0x0000000080c00000| PB 0x0000000080c00000| Untracked 
|  13|0x0000000080d00000, 0x0000000080e00000, 0x0000000080e00000|100%| O|  |TAMS 0x0000000080d00000| PB 0x0000000080d00000| Untracked 
|  14|0x0000000080e00000, 0x0000000080f00000, 0x0000000080f00000|100%| O|  |TAMS 0x0000000080e00000| PB 0x0000000080e00000| Untracked 
|  15|0x0000000080f00000, 0x0000000081000000, 0x0000000081000000|100%| O|  |TAMS 0x0000000080f00000| PB 0x0000000080f00000| Untracked 
|  16|0x0000000081000000, 0x0000000081100000, 0x0000000081100000|100%| O|  |TAMS 0x0000000081000000| PB 0x0000000081000000| Untracked 
|  17|0x0000000081100000, 0x0000000081200000, 0x0000000081200000|100%| O|  |TAMS 0x0000000081100000| PB 0x0000000081100000| Untracked 
|  18|0x0000000081200000, 0x0000000081300000, 0x0000000081300000|100%| O|  |TAMS 0x0000000081200000| PB 0x0000000081200000| Untracked 
|  19|0x0000000081300000, 0x0000000081400000, 0x0000000081400000|100%| O|  |TAMS 0x0000000081300000| PB 0x0000000081300000| Untracked 
|  20|0x0000000081400000, 0x0000000081500000, 0x0000000081500000|100%| O|  |TAMS 0x0000000081400000| PB 0x0000000081400000| Untracked 
|  21|0x0000000081500000, 0x0000000081600000, 0x0000000081600000|100%| O|  |TAMS 0x0000000081500000| PB 0x0000000081500000| Untracked 
|  22|0x0000000081600000, 0x0000000081700000, 0x0000000081700000|100%| O|  |TAMS 0x0000000081600000| PB 0x0000000081600000| Untracked 
|  23|0x0000000081700000, 0x0000000081800000, 0x0000000081800000|100%| O|  |TAMS 0x0000000081700000| PB 0x0000000081700000| Untracked 
|  24|0x0000000081800000, 0x0000000081900000, 0x0000000081900000|100%| O|  |TAMS 0x0000000081800000| PB 0x0000000081800000| Untracked 
|  25|0x0000000081900000, 0x0000000081a00000, 0x0000000081a00000|100%| O|  |TAMS 0x0000000081900000| PB 0x0000000081900000| Untracked 
|  26|0x0000000081a00000, 0x0000000081b00000, 0x0000000081b00000|100%| O|  |TAMS 0x0000000081a00000| PB 0x0000000081a00000| Untracked 
|  27|0x0000000081b00000, 0x0000000081c00000, 0x0000000081c00000|100%| O|  |TAMS 0x0000000081b00000| PB 0x0000000081b00000| Untracked 
|  28|0x0000000081c00000, 0x0000000081d00000, 0x0000000081d00000|100%| O|  |TAMS 0x0000000081c00000| PB 0x0000000081c00000| Untracked 
|  29|0x0000000081d00000, 0x0000000081e00000, 0x0000000081e00000|100%| O|  |TAMS 0x0000000081d00000| PB 0x0000000081d00000| Untracked 
|  30|0x0000000081e00000, 0x0000000081f00000, 0x0000000081f00000|100%| O|  |TAMS 0x0000000081e00000| PB 0x0000000081e00000| Untracked 
|  31|0x0000000081f00000, 0x0000000082000000, 0x0000000082000000|100%| O|  |TAMS 0x0000000081f00000| PB 0x0000000081f00000| Untracked 
|  32|0x0000000082000000, 0x0000000082100000, 0x0000000082100000|100%| O|  |TAMS 0x0000000082000000| PB 0x0000000082000000| Untracked 
|  33|0x0000000082100000, 0x0000000082100000, 0x0000000082200000|  0%| F|  |TAMS 0x0000000082100000| PB 0x0000000082100000| Untracked 
|  34|0x0000000082200000, 0x0000000082300000, 0x0000000082300000|100%| O|  |TAMS 0x0000000082200000| PB 0x0000000082200000| Untracked 
|  35|0x0000000082300000, 0x0000000082400000, 0x0000000082400000|100%| O|  |TAMS 0x0000000082300000| PB 0x0000000082300000| Untracked 
|  36|0x0000000082400000, 0x0000000082500000, 0x0000000082500000|100%| O|  |TAMS 0x0000000082400000| PB 0x0000000082400000| Untracked 
|  37|0x0000000082500000, 0x0000000082600000, 0x0000000082600000|100%| O|  |TAMS 0x0000000082500000| PB 0x0000000082500000| Untracked 
|  38|0x0000000082600000, 0x0000000082700000, 0x0000000082700000|100%| O|  |TAMS 0x0000000082600000| PB 0x0000000082600000| Untracked 
|  39|0x0000000082700000, 0x0000000082800000, 0x0000000082800000|100%|HS|  |TAMS 0x0000000082700000| PB 0x0000000082700000| Complete 
|  40|0x0000000082800000, 0x0000000082900000, 0x0000000082900000|100%|HS|  |TAMS 0x0000000082800000| PB 0x0000000082800000| Complete 
|  41|0x0000000082900000, 0x0000000082a00000, 0x0000000082a00000|100%| O|  |TAMS 0x0000000082900000| PB 0x0000000082900000| Untracked 
|  42|0x0000000082a00000, 0x0000000082b00000, 0x0000000082b00000|100%| O|  |TAMS 0x0000000082a00000| PB 0x0000000082a00000| Untracked 
|  43|0x0000000082b00000, 0x0000000082c00000, 0x0000000082c00000|100%| O|  |TAMS 0x0000000082b00000| PB 0x0000000082b00000| Untracked 
|  44|0x0000000082c00000, 0x0000000082d00000, 0x0000000082d00000|100%| O|  |TAMS 0x0000000082c00000| PB 0x0000000082c00000| Untracked 
|  45|0x0000000082d00000, 0x0000000082e00000, 0x0000000082e00000|100%| O|  |TAMS 0x0000000082d00000| PB 0x0000000082d00000| Untracked 
|  46|0x0000000082e00000, 0x0000000082f00000, 0x0000000082f00000|100%| O|  |TAMS 0x0000000082e00000| PB 0x0000000082e00000| Untracked 
|  47|0x0000000082f00000, 0x0000000083000000, 0x0000000083000000|100%| O|  |TAMS 0x0000000082f00000| PB 0x0000000082f00000| Untracked 
|  48|0x0000000083000000, 0x0000000083100000, 0x0000000083100000|100%| O|  |TAMS 0x0000000083000000| PB 0x0000000083000000| Untracked 
|  49|0x0000000083100000, 0x0000000083200000, 0x0000000083200000|100%|HS|  |TAMS 0x0000000083100000| PB 0x0000000083100000| Complete 
|  50|0x0000000083200000, 0x0000000083300000, 0x0000000083300000|100%| O|  |TAMS 0x0000000083200000| PB 0x0000000083200000| Untracked 
|  51|0x0000000083300000, 0x0000000083400000, 0x0000000083400000|100%|HS|  |TAMS 0x0000000083300000| PB 0x0000000083300000| Complete 
|  52|0x0000000083400000, 0x0000000083500000, 0x0000000083500000|100%|HC|  |TAMS 0x0000000083400000| PB 0x0000000083400000| Complete 
|  53|0x0000000083500000, 0x0000000083600000, 0x0000000083600000|100%|HS|  |TAMS 0x0000000083500000| PB 0x0000000083500000| Complete 
|  54|0x0000000083600000, 0x0000000083700000, 0x0000000083700000|100%| O|  |TAMS 0x0000000083600000| PB 0x0000000083600000| Untracked 
|  55|0x0000000083700000, 0x0000000083800000, 0x0000000083800000|100%|HS|  |TAMS 0x0000000083700000| PB 0x0000000083700000| Complete 
|  56|0x0000000083800000, 0x0000000083900000, 0x0000000083900000|100%|HS|  |TAMS 0x0000000083800000| PB 0x0000000083800000| Complete 
|  57|0x0000000083900000, 0x0000000083900000, 0x0000000083a00000|  0%| F|  |TAMS 0x0000000083900000| PB 0x0000000083900000| Untracked 
|  58|0x0000000083a00000, 0x0000000083b00000, 0x0000000083b00000|100%| O|  |TAMS 0x0000000083a00000| PB 0x0000000083a00000| Untracked 
|  59|0x0000000083b00000, 0x0000000083c00000, 0x0000000083c00000|100%| O|  |TAMS 0x0000000083b00000| PB 0x0000000083b00000| Untracked 
|  60|0x0000000083c00000, 0x0000000083d00000, 0x0000000083d00000|100%| O|  |TAMS 0x0000000083c00000| PB 0x0000000083c00000| Untracked 
|  61|0x0000000083d00000, 0x0000000083e00000, 0x0000000083e00000|100%| O|  |TAMS 0x0000000083d00000| PB 0x0000000083d00000| Untracked 
|  62|0x0000000083e00000, 0x0000000083f00000, 0x0000000083f00000|100%| O|  |TAMS 0x0000000083e00000| PB 0x0000000083e00000| Untracked 
|  63|0x0000000083f00000, 0x0000000084000000, 0x0000000084000000|100%|HS|  |TAMS 0x0000000083f00000| PB 0x0000000083f00000| Complete 
|  64|0x0000000084000000, 0x0000000084100000, 0x0000000084100000|100%|HC|  |TAMS 0x0000000084000000| PB 0x0000000084000000| Complete 
|  65|0x0000000084100000, 0x0000000084200000, 0x0000000084200000|100%| O|  |TAMS 0x0000000084100000| PB 0x0000000084100000| Untracked 
|  66|0x0000000084200000, 0x0000000084300000, 0x0000000084300000|100%| O|  |TAMS 0x0000000084200000| PB 0x0000000084200000| Untracked 
|  67|0x0000000084300000, 0x0000000084400000, 0x0000000084400000|100%| O|  |TAMS 0x0000000084300000| PB 0x0000000084300000| Untracked 
|  68|0x0000000084400000, 0x0000000084500000, 0x0000000084500000|100%| O|  |TAMS 0x0000000084400000| PB 0x0000000084400000| Untracked 
|  69|0x0000000084500000, 0x0000000084600000, 0x0000000084600000|100%| O|  |TAMS 0x0000000084500000| PB 0x0000000084500000| Untracked 
|  70|0x0000000084600000, 0x0000000084700000, 0x0000000084700000|100%|HS|  |TAMS 0x0000000084600000| PB 0x0000000084600000| Complete 
|  71|0x0000000084700000, 0x0000000084800000, 0x0000000084800000|100%| O|  |TAMS 0x0000000084700000| PB 0x0000000084700000| Untracked 
|  72|0x0000000084800000, 0x0000000084800000, 0x0000000084900000|  0%| F|  |TAMS 0x0000000084800000| PB 0x0000000084800000| Untracked 
|  73|0x0000000084900000, 0x0000000084900000, 0x0000000084a00000|  0%| F|  |TAMS 0x0000000084900000| PB 0x0000000084900000| Untracked 
|  74|0x0000000084a00000, 0x0000000084b00000, 0x0000000084b00000|100%| O|  |TAMS 0x0000000084a00000| PB 0x0000000084a00000| Untracked 
|  75|0x0000000084b00000, 0x0000000084c00000, 0x0000000084c00000|100%| O|  |TAMS 0x0000000084b00000| PB 0x0000000084b00000| Untracked 
|  76|0x0000000084c00000, 0x0000000084c00000, 0x0000000084d00000|  0%| F|  |TAMS 0x0000000084c00000| PB 0x0000000084c00000| Untracked 
|  77|0x0000000084d00000, 0x0000000084d00000, 0x0000000084e00000|  0%| F|  |TAMS 0x0000000084d00000| PB 0x0000000084d00000| Untracked 
|  78|0x0000000084e00000, 0x0000000084e00000, 0x0000000084f00000|  0%| F|  |TAMS 0x0000000084e00000| PB 0x0000000084e00000| Untracked 
|  79|0x0000000084f00000, 0x0000000085000000, 0x0000000085000000|100%| O|  |TAMS 0x0000000084f00000| PB 0x0000000084f00000| Untracked 
|  80|0x0000000085000000, 0x0000000085000000, 0x0000000085100000|  0%| F|  |TAMS 0x0000000085000000| PB 0x0000000085000000| Untracked 
|  81|0x0000000085100000, 0x0000000085200000, 0x0000000085200000|100%| O|  |TAMS 0x0000000085100000| PB 0x0000000085100000| Untracked 
|  82|0x0000000085200000, 0x0000000085300000, 0x0000000085300000|100%| O|  |TAMS 0x0000000085200000| PB 0x0000000085200000| Untracked 
|  83|0x0000000085300000, 0x0000000085400000, 0x0000000085400000|100%| O|  |TAMS 0x0000000085300000| PB 0x0000000085300000| Untracked 
|  84|0x0000000085400000, 0x0000000085400000, 0x0000000085500000|  0%| F|  |TAMS 0x0000000085400000| PB 0x0000000085400000| Untracked 
|  85|0x0000000085500000, 0x0000000085600000, 0x0000000085600000|100%| O|  |TAMS 0x0000000085500000| PB 0x0000000085500000| Untracked 
|  86|0x0000000085600000, 0x0000000085700000, 0x0000000085700000|100%| O|  |TAMS 0x0000000085600000| PB 0x0000000085600000| Untracked 
|  87|0x0000000085700000, 0x0000000085700000, 0x0000000085800000|  0%| F|  |TAMS 0x0000000085700000| PB 0x0000000085700000| Untracked 
|  88|0x0000000085800000, 0x0000000085800000, 0x0000000085900000|  0%| F|  |TAMS 0x0000000085800000| PB 0x0000000085800000| Untracked 
|  89|0x0000000085900000, 0x0000000085a00000, 0x0000000085a00000|100%| O|  |TAMS 0x0000000085900000| PB 0x0000000085900000| Untracked 
|  90|0x0000000085a00000, 0x0000000085b00000, 0x0000000085b00000|100%| O|  |TAMS 0x0000000085a00000| PB 0x0000000085a00000| Untracked 
|  91|0x0000000085b00000, 0x0000000085c00000, 0x0000000085c00000|100%| O|  |TAMS 0x0000000085b00000| PB 0x0000000085b00000| Untracked 
|  92|0x0000000085c00000, 0x0000000085d00000, 0x0000000085d00000|100%| O|  |TAMS 0x0000000085c00000| PB 0x0000000085c00000| Untracked 
|  93|0x0000000085d00000, 0x0000000085e00000, 0x0000000085e00000|100%| O|  |TAMS 0x0000000085d00000| PB 0x0000000085d00000| Untracked 
|  94|0x0000000085e00000, 0x0000000085f00000, 0x0000000085f00000|100%| O|  |TAMS 0x0000000085e00000| PB 0x0000000085e00000| Untracked 
|  95|0x0000000085f00000, 0x0000000086000000, 0x0000000086000000|100%| O|  |TAMS 0x0000000085f00000| PB 0x0000000085f00000| Untracked 
|  96|0x0000000086000000, 0x0000000086100000, 0x0000000086100000|100%| O|  |TAMS 0x0000000086000000| PB 0x0000000086000000| Untracked 
|  97|0x0000000086100000, 0x0000000086100000, 0x0000000086200000|  0%| F|  |TAMS 0x0000000086100000| PB 0x0000000086100000| Untracked 
|  98|0x0000000086200000, 0x0000000086300000, 0x0000000086300000|100%| O|  |TAMS 0x0000000086200000| PB 0x0000000086200000| Untracked 
|  99|0x0000000086300000, 0x0000000086400000, 0x0000000086400000|100%| O|  |TAMS 0x0000000086300000| PB 0x0000000086300000| Untracked 
| 100|0x0000000086400000, 0x0000000086500000, 0x0000000086500000|100%| O|  |TAMS 0x0000000086400000| PB 0x0000000086400000| Untracked 
| 101|0x0000000086500000, 0x0000000086600000, 0x0000000086600000|100%| O|  |TAMS 0x0000000086500000| PB 0x0000000086500000| Untracked 
| 102|0x0000000086600000, 0x0000000086700000, 0x0000000086700000|100%| O|  |TAMS 0x0000000086600000| PB 0x0000000086600000| Untracked 
| 103|0x0000000086700000, 0x0000000086800000, 0x0000000086800000|100%| O|  |TAMS 0x0000000086700000| PB 0x0000000086700000| Untracked 
| 104|0x0000000086800000, 0x0000000086900000, 0x0000000086900000|100%| O|  |TAMS 0x0000000086800000| PB 0x0000000086800000| Untracked 
| 105|0x0000000086900000, 0x0000000086900000, 0x0000000086a00000|  0%| F|  |TAMS 0x0000000086900000| PB 0x0000000086900000| Untracked 
| 106|0x0000000086a00000, 0x0000000086b00000, 0x0000000086b00000|100%| O|  |TAMS 0x0000000086a00000| PB 0x0000000086a00000| Untracked 
| 107|0x0000000086b00000, 0x0000000086b00000, 0x0000000086c00000|  0%| F|  |TAMS 0x0000000086b00000| PB 0x0000000086b00000| Untracked 
| 108|0x0000000086c00000, 0x0000000086d00000, 0x0000000086d00000|100%| O|  |TAMS 0x0000000086c00000| PB 0x0000000086c00000| Untracked 
| 109|0x0000000086d00000, 0x0000000086e00000, 0x0000000086e00000|100%|HS|  |TAMS 0x0000000086d00000| PB 0x0000000086d00000| Complete 
| 110|0x0000000086e00000, 0x0000000086f00000, 0x0000000086f00000|100%|HC|  |TAMS 0x0000000086e00000| PB 0x0000000086e00000| Complete 
| 111|0x0000000086f00000, 0x0000000087000000, 0x0000000087000000|100%| O|  |TAMS 0x0000000086f00000| PB 0x0000000086f00000| Untracked 
| 112|0x0000000087000000, 0x0000000087000000, 0x0000000087100000|  0%| F|  |TAMS 0x0000000087000000| PB 0x0000000087000000| Untracked 
| 113|0x0000000087100000, 0x0000000087200000, 0x0000000087200000|100%| O|  |TAMS 0x0000000087100000| PB 0x0000000087100000| Untracked 
| 114|0x0000000087200000, 0x0000000087300000, 0x0000000087300000|100%| O|  |TAMS 0x0000000087200000| PB 0x0000000087200000| Untracked 
| 115|0x0000000087300000, 0x0000000087400000, 0x0000000087400000|100%| O|  |TAMS 0x0000000087300000| PB 0x0000000087300000| Untracked 
| 116|0x0000000087400000, 0x0000000087500000, 0x0000000087500000|100%| O|  |TAMS 0x0000000087400000| PB 0x0000000087400000| Untracked 
| 117|0x0000000087500000, 0x0000000087500000, 0x0000000087600000|  0%| F|  |TAMS 0x0000000087500000| PB 0x0000000087500000| Untracked 
| 118|0x0000000087600000, 0x0000000087600000, 0x0000000087700000|  0%| F|  |TAMS 0x0000000087600000| PB 0x0000000087600000| Untracked 
| 119|0x0000000087700000, 0x0000000087800000, 0x0000000087800000|100%| O|  |TAMS 0x0000000087700000| PB 0x0000000087700000| Untracked 
| 120|0x0000000087800000, 0x0000000087900000, 0x0000000087900000|100%| O|  |TAMS 0x0000000087800000| PB 0x0000000087800000| Untracked 
| 121|0x0000000087900000, 0x0000000087900000, 0x0000000087a00000|  0%| F|  |TAMS 0x0000000087900000| PB 0x0000000087900000| Untracked 
| 122|0x0000000087a00000, 0x0000000087b00000, 0x0000000087b00000|100%| O|  |TAMS 0x0000000087a00000| PB 0x0000000087a00000| Untracked 
| 123|0x0000000087b00000, 0x0000000087c00000, 0x0000000087c00000|100%| O|  |TAMS 0x0000000087b00000| PB 0x0000000087b00000| Untracked 
| 124|0x0000000087c00000, 0x0000000087d00000, 0x0000000087d00000|100%| O|  |TAMS 0x0000000087c00000| PB 0x0000000087c00000| Untracked 
| 125|0x0000000087d00000, 0x0000000087e00000, 0x0000000087e00000|100%| O|  |TAMS 0x0000000087d00000| PB 0x0000000087d00000| Untracked 
| 126|0x0000000087e00000, 0x0000000087f00000, 0x0000000087f00000|100%| O|  |TAMS 0x0000000087e00000| PB 0x0000000087e00000| Untracked 
| 127|0x0000000087f00000, 0x0000000088000000, 0x0000000088000000|100%| O|  |TAMS 0x0000000087f00000| PB 0x0000000087f00000| Untracked 
| 128|0x0000000088000000, 0x0000000088100000, 0x0000000088100000|100%| O|  |TAMS 0x0000000088000000| PB 0x0000000088000000| Untracked 
| 129|0x0000000088100000, 0x0000000088100000, 0x0000000088200000|  0%| F|  |TAMS 0x0000000088100000| PB 0x0000000088100000| Untracked 
| 130|0x0000000088200000, 0x0000000088200000, 0x0000000088300000|  0%| F|  |TAMS 0x0000000088200000| PB 0x0000000088200000| Untracked 
| 131|0x0000000088300000, 0x0000000088400000, 0x0000000088400000|100%| O|  |TAMS 0x0000000088300000| PB 0x0000000088300000| Untracked 
| 132|0x0000000088400000, 0x0000000088500000, 0x0000000088500000|100%| O|  |TAMS 0x0000000088400000| PB 0x0000000088400000| Untracked 
| 133|0x0000000088500000, 0x0000000088600000, 0x0000000088600000|100%| O|  |TAMS 0x0000000088500000| PB 0x0000000088500000| Untracked 
| 134|0x0000000088600000, 0x0000000088600000, 0x0000000088700000|  0%| F|  |TAMS 0x0000000088600000| PB 0x0000000088600000| Untracked 
| 135|0x0000000088700000, 0x0000000088800000, 0x0000000088800000|100%| O|  |TAMS 0x0000000088700000| PB 0x0000000088700000| Untracked 
| 136|0x0000000088800000, 0x0000000088900000, 0x0000000088900000|100%| O|  |TAMS 0x0000000088800000| PB 0x0000000088800000| Untracked 
| 137|0x0000000088900000, 0x0000000088900000, 0x0000000088a00000|  0%| F|  |TAMS 0x0000000088900000| PB 0x0000000088900000| Untracked 
| 138|0x0000000088a00000, 0x0000000088a00000, 0x0000000088b00000|  0%| F|  |TAMS 0x0000000088a00000| PB 0x0000000088a00000| Untracked 
| 139|0x0000000088b00000, 0x0000000088b00000, 0x0000000088c00000|  0%| F|  |TAMS 0x0000000088b00000| PB 0x0000000088b00000| Untracked 
| 140|0x0000000088c00000, 0x0000000088d00000, 0x0000000088d00000|100%| O|  |TAMS 0x0000000088c00000| PB 0x0000000088c00000| Untracked 
| 141|0x0000000088d00000, 0x0000000088e00000, 0x0000000088e00000|100%| O|  |TAMS 0x0000000088d00000| PB 0x0000000088d00000| Untracked 
| 142|0x0000000088e00000, 0x0000000088e00000, 0x0000000088f00000|  0%| F|  |TAMS 0x0000000088e00000| PB 0x0000000088e00000| Untracked 
| 143|0x0000000088f00000, 0x0000000088f00000, 0x0000000089000000|  0%| F|  |TAMS 0x0000000088f00000| PB 0x0000000088f00000| Untracked 
| 144|0x0000000089000000, 0x0000000089000000, 0x0000000089100000|  0%| F|  |TAMS 0x0000000089000000| PB 0x0000000089000000| Untracked 
| 145|0x0000000089100000, 0x0000000089100000, 0x0000000089200000|  0%| F|  |TAMS 0x0000000089100000| PB 0x0000000089100000| Untracked 
| 146|0x0000000089200000, 0x0000000089200000, 0x0000000089300000|  0%| F|  |TAMS 0x0000000089200000| PB 0x0000000089200000| Untracked 
| 147|0x0000000089300000, 0x0000000089400000, 0x0000000089400000|100%| O|  |TAMS 0x0000000089300000| PB 0x0000000089300000| Untracked 
| 148|0x0000000089400000, 0x0000000089500000, 0x0000000089500000|100%| O|  |TAMS 0x0000000089400000| PB 0x0000000089400000| Untracked 
| 149|0x0000000089500000, 0x0000000089600000, 0x0000000089600000|100%| O|  |TAMS 0x0000000089500000| PB 0x0000000089500000| Untracked 
| 150|0x0000000089600000, 0x0000000089700000, 0x0000000089700000|100%| O|  |TAMS 0x0000000089600000| PB 0x0000000089600000| Untracked 
| 151|0x0000000089700000, 0x0000000089700000, 0x0000000089800000|  0%| F|  |TAMS 0x0000000089700000| PB 0x0000000089700000| Untracked 
| 152|0x0000000089800000, 0x0000000089900000, 0x0000000089900000|100%| O|  |TAMS 0x0000000089800000| PB 0x0000000089800000| Untracked 
| 153|0x0000000089900000, 0x0000000089a00000, 0x0000000089a00000|100%| O|  |TAMS 0x0000000089900000| PB 0x0000000089900000| Untracked 
| 154|0x0000000089a00000, 0x0000000089b00000, 0x0000000089b00000|100%| O|  |TAMS 0x0000000089a00000| PB 0x0000000089a00000| Untracked 
| 155|0x0000000089b00000, 0x0000000089c00000, 0x0000000089c00000|100%| O|  |TAMS 0x0000000089b00000| PB 0x0000000089b00000| Untracked 
| 156|0x0000000089c00000, 0x0000000089d00000, 0x0000000089d00000|100%| O|  |TAMS 0x0000000089c00000| PB 0x0000000089c00000| Untracked 
| 157|0x0000000089d00000, 0x0000000089e00000, 0x0000000089e00000|100%| O|  |TAMS 0x0000000089d00000| PB 0x0000000089d00000| Untracked 
| 158|0x0000000089e00000, 0x0000000089e00000, 0x0000000089f00000|  0%| F|  |TAMS 0x0000000089e00000| PB 0x0000000089e00000| Untracked 
| 159|0x0000000089f00000, 0x0000000089f00000, 0x000000008a000000|  0%| F|  |TAMS 0x0000000089f00000| PB 0x0000000089f00000| Untracked 
| 160|0x000000008a000000, 0x000000008a100000, 0x000000008a100000|100%| O|  |TAMS 0x000000008a000000| PB 0x000000008a000000| Untracked 
| 161|0x000000008a100000, 0x000000008a200000, 0x000000008a200000|100%| O|  |TAMS 0x000000008a100000| PB 0x000000008a100000| Untracked 
| 162|0x000000008a200000, 0x000000008a200000, 0x000000008a300000|  0%| F|  |TAMS 0x000000008a200000| PB 0x000000008a200000| Untracked 
| 163|0x000000008a300000, 0x000000008a300000, 0x000000008a400000|  0%| F|  |TAMS 0x000000008a300000| PB 0x000000008a300000| Untracked 
| 164|0x000000008a400000, 0x000000008a500000, 0x000000008a500000|100%| O|  |TAMS 0x000000008a400000| PB 0x000000008a400000| Untracked 
| 165|0x000000008a500000, 0x000000008a600000, 0x000000008a600000|100%| O|  |TAMS 0x000000008a500000| PB 0x000000008a500000| Untracked 
| 166|0x000000008a600000, 0x000000008a700000, 0x000000008a700000|100%| O|  |TAMS 0x000000008a600000| PB 0x000000008a600000| Untracked 
| 167|0x000000008a700000, 0x000000008a700000, 0x000000008a800000|  0%| F|  |TAMS 0x000000008a700000| PB 0x000000008a700000| Untracked 
| 168|0x000000008a800000, 0x000000008a800000, 0x000000008a900000|  0%| F|  |TAMS 0x000000008a800000| PB 0x000000008a800000| Untracked 
| 169|0x000000008a900000, 0x000000008aa00000, 0x000000008aa00000|100%| O|  |TAMS 0x000000008a900000| PB 0x000000008a900000| Untracked 
| 170|0x000000008aa00000, 0x000000008ab00000, 0x000000008ab00000|100%| O|  |TAMS 0x000000008aa00000| PB 0x000000008aa00000| Untracked 
| 171|0x000000008ab00000, 0x000000008ab00000, 0x000000008ac00000|  0%| F|  |TAMS 0x000000008ab00000| PB 0x000000008ab00000| Untracked 
| 172|0x000000008ac00000, 0x000000008ac00000, 0x000000008ad00000|  0%| F|  |TAMS 0x000000008ac00000| PB 0x000000008ac00000| Untracked 
| 173|0x000000008ad00000, 0x000000008ae00000, 0x000000008ae00000|100%| O|  |TAMS 0x000000008ad00000| PB 0x000000008ad00000| Untracked 
| 174|0x000000008ae00000, 0x000000008ae00000, 0x000000008af00000|  0%| F|  |TAMS 0x000000008ae00000| PB 0x000000008ae00000| Untracked 
| 175|0x000000008af00000, 0x000000008af00000, 0x000000008b000000|  0%| F|  |TAMS 0x000000008af00000| PB 0x000000008af00000| Untracked 
| 176|0x000000008b000000, 0x000000008b000000, 0x000000008b100000|  0%| F|  |TAMS 0x000000008b000000| PB 0x000000008b000000| Untracked 
| 177|0x000000008b100000, 0x000000008b100000, 0x000000008b200000|  0%| F|  |TAMS 0x000000008b100000| PB 0x000000008b100000| Untracked 
| 178|0x000000008b200000, 0x000000008b200000, 0x000000008b300000|  0%| F|  |TAMS 0x000000008b200000| PB 0x000000008b200000| Untracked 
| 179|0x000000008b300000, 0x000000008b300000, 0x000000008b400000|  0%| F|  |TAMS 0x000000008b300000| PB 0x000000008b300000| Untracked 
| 180|0x000000008b400000, 0x000000008b400000, 0x000000008b500000|  0%| F|  |TAMS 0x000000008b400000| PB 0x000000008b400000| Untracked 
| 181|0x000000008b500000, 0x000000008b500000, 0x000000008b600000|  0%| F|  |TAMS 0x000000008b500000| PB 0x000000008b500000| Untracked 
| 182|0x000000008b600000, 0x000000008b600000, 0x000000008b700000|  0%| F|  |TAMS 0x000000008b600000| PB 0x000000008b600000| Untracked 
| 183|0x000000008b700000, 0x000000008b700000, 0x000000008b800000|  0%| F|  |TAMS 0x000000008b700000| PB 0x000000008b700000| Untracked 
| 184|0x000000008b800000, 0x000000008b800000, 0x000000008b900000|  0%| F|  |TAMS 0x000000008b800000| PB 0x000000008b800000| Untracked 
| 185|0x000000008b900000, 0x000000008b900000, 0x000000008ba00000|  0%| F|  |TAMS 0x000000008b900000| PB 0x000000008b900000| Untracked 
| 186|0x000000008ba00000, 0x000000008ba00000, 0x000000008bb00000|  0%| F|  |TAMS 0x000000008ba00000| PB 0x000000008ba00000| Untracked 
| 187|0x000000008bb00000, 0x000000008bb00000, 0x000000008bc00000|  0%| F|  |TAMS 0x000000008bb00000| PB 0x000000008bb00000| Untracked 
| 188|0x000000008bc00000, 0x000000008bc00000, 0x000000008bd00000|  0%| F|  |TAMS 0x000000008bc00000| PB 0x000000008bc00000| Untracked 
| 189|0x000000008bd00000, 0x000000008bd00000, 0x000000008be00000|  0%| F|  |TAMS 0x000000008bd00000| PB 0x000000008bd00000| Untracked 
| 190|0x000000008be00000, 0x000000008be00000, 0x000000008bf00000|  0%| F|  |TAMS 0x000000008be00000| PB 0x000000008be00000| Untracked 
| 191|0x000000008bf00000, 0x000000008bf00000, 0x000000008c000000|  0%| F|  |TAMS 0x000000008bf00000| PB 0x000000008bf00000| Untracked 
| 192|0x000000008c000000, 0x000000008c000000, 0x000000008c100000|  0%| F|  |TAMS 0x000000008c000000| PB 0x000000008c000000| Untracked 
| 193|0x000000008c100000, 0x000000008c100000, 0x000000008c200000|  0%| F|  |TAMS 0x000000008c100000| PB 0x000000008c100000| Untracked 
| 194|0x000000008c200000, 0x000000008c200000, 0x000000008c300000|  0%| F|  |TAMS 0x000000008c200000| PB 0x000000008c200000| Untracked 
| 195|0x000000008c300000, 0x000000008c300000, 0x000000008c400000|  0%| F|  |TAMS 0x000000008c300000| PB 0x000000008c300000| Untracked 
| 196|0x000000008c400000, 0x000000008c400000, 0x000000008c500000|  0%| F|  |TAMS 0x000000008c400000| PB 0x000000008c400000| Untracked 
| 197|0x000000008c500000, 0x000000008c500000, 0x000000008c600000|  0%| F|  |TAMS 0x000000008c500000| PB 0x000000008c500000| Untracked 
| 198|0x000000008c600000, 0x000000008c600000, 0x000000008c700000|  0%| F|  |TAMS 0x000000008c600000| PB 0x000000008c600000| Untracked 
| 199|0x000000008c700000, 0x000000008c700000, 0x000000008c800000|  0%| F|  |TAMS 0x000000008c700000| PB 0x000000008c700000| Untracked 
| 200|0x000000008c800000, 0x000000008c800000, 0x000000008c900000|  0%| F|  |TAMS 0x000000008c800000| PB 0x000000008c800000| Untracked 
| 201|0x000000008c900000, 0x000000008c900000, 0x000000008ca00000|  0%| F|  |TAMS 0x000000008c900000| PB 0x000000008c900000| Untracked 
| 202|0x000000008ca00000, 0x000000008ca00000, 0x000000008cb00000|  0%| F|  |TAMS 0x000000008ca00000| PB 0x000000008ca00000| Untracked 
| 203|0x000000008cb00000, 0x000000008cb00000, 0x000000008cc00000|  0%| F|  |TAMS 0x000000008cb00000| PB 0x000000008cb00000| Untracked 
| 204|0x000000008cc00000, 0x000000008cc00000, 0x000000008cd00000|  0%| F|  |TAMS 0x000000008cc00000| PB 0x000000008cc00000| Untracked 
| 205|0x000000008cd00000, 0x000000008cd00000, 0x000000008ce00000|  0%| F|  |TAMS 0x000000008cd00000| PB 0x000000008cd00000| Untracked 
| 206|0x000000008ce00000, 0x000000008ce00000, 0x000000008cf00000|  0%| F|  |TAMS 0x000000008ce00000| PB 0x000000008ce00000| Untracked 
| 207|0x000000008cf00000, 0x000000008cf00000, 0x000000008d000000|  0%| F|  |TAMS 0x000000008cf00000| PB 0x000000008cf00000| Untracked 
| 208|0x000000008d000000, 0x000000008d000000, 0x000000008d100000|  0%| F|  |TAMS 0x000000008d000000| PB 0x000000008d000000| Untracked 
| 209|0x000000008d100000, 0x000000008d100000, 0x000000008d200000|  0%| F|  |TAMS 0x000000008d100000| PB 0x000000008d100000| Untracked 
| 210|0x000000008d200000, 0x000000008d200000, 0x000000008d300000|  0%| F|  |TAMS 0x000000008d200000| PB 0x000000008d200000| Untracked 
| 211|0x000000008d300000, 0x000000008d300000, 0x000000008d400000|  0%| F|  |TAMS 0x000000008d300000| PB 0x000000008d300000| Untracked 
| 212|0x000000008d400000, 0x000000008d400000, 0x000000008d500000|  0%| F|  |TAMS 0x000000008d400000| PB 0x000000008d400000| Untracked 
| 213|0x000000008d500000, 0x000000008d500000, 0x000000008d600000|  0%| F|  |TAMS 0x000000008d500000| PB 0x000000008d500000| Untracked 
| 214|0x000000008d600000, 0x000000008d600000, 0x000000008d700000|  0%| F|  |TAMS 0x000000008d600000| PB 0x000000008d600000| Untracked 
| 215|0x000000008d700000, 0x000000008d700000, 0x000000008d800000|  0%| F|  |TAMS 0x000000008d700000| PB 0x000000008d700000| Untracked 
| 216|0x000000008d800000, 0x000000008d800000, 0x000000008d900000|  0%| F|  |TAMS 0x000000008d800000| PB 0x000000008d800000| Untracked 
| 217|0x000000008d900000, 0x000000008d900000, 0x000000008da00000|  0%| F|  |TAMS 0x000000008d900000| PB 0x000000008d900000| Untracked 
| 218|0x000000008da00000, 0x000000008da00000, 0x000000008db00000|  0%| F|  |TAMS 0x000000008da00000| PB 0x000000008da00000| Untracked 
| 219|0x000000008db00000, 0x000000008db00000, 0x000000008dc00000|  0%| F|  |TAMS 0x000000008db00000| PB 0x000000008db00000| Untracked 
| 220|0x000000008dc00000, 0x000000008dc00000, 0x000000008dd00000|  0%| F|  |TAMS 0x000000008dc00000| PB 0x000000008dc00000| Untracked 
| 221|0x000000008dd00000, 0x000000008dd00000, 0x000000008de00000|  0%| F|  |TAMS 0x000000008dd00000| PB 0x000000008dd00000| Untracked 
| 222|0x000000008de00000, 0x000000008de00000, 0x000000008df00000|  0%| F|  |TAMS 0x000000008de00000| PB 0x000000008de00000| Untracked 
| 223|0x000000008df00000, 0x000000008df00000, 0x000000008e000000|  0%| F|  |TAMS 0x000000008df00000| PB 0x000000008df00000| Untracked 
| 224|0x000000008e000000, 0x000000008e000000, 0x000000008e100000|  0%| F|  |TAMS 0x000000008e000000| PB 0x000000008e000000| Untracked 
| 225|0x000000008e100000, 0x000000008e100000, 0x000000008e200000|  0%| F|  |TAMS 0x000000008e100000| PB 0x000000008e100000| Untracked 
| 226|0x000000008e200000, 0x000000008e200000, 0x000000008e300000|  0%| F|  |TAMS 0x000000008e200000| PB 0x000000008e200000| Untracked 
| 227|0x000000008e300000, 0x000000008e300000, 0x000000008e400000|  0%| F|  |TAMS 0x000000008e300000| PB 0x000000008e300000| Untracked 
| 228|0x000000008e400000, 0x000000008e400000, 0x000000008e500000|  0%| F|  |TAMS 0x000000008e400000| PB 0x000000008e400000| Untracked 
| 229|0x000000008e500000, 0x000000008e500000, 0x000000008e600000|  0%| F|  |TAMS 0x000000008e500000| PB 0x000000008e500000| Untracked 
| 230|0x000000008e600000, 0x000000008e600000, 0x000000008e700000|  0%| F|  |TAMS 0x000000008e600000| PB 0x000000008e600000| Untracked 
| 231|0x000000008e700000, 0x000000008e700000, 0x000000008e800000|  0%| F|  |TAMS 0x000000008e700000| PB 0x000000008e700000| Untracked 
| 232|0x000000008e800000, 0x000000008e800000, 0x000000008e900000|  0%| F|  |TAMS 0x000000008e800000| PB 0x000000008e800000| Untracked 
| 233|0x000000008e900000, 0x000000008e900000, 0x000000008ea00000|  0%| F|  |TAMS 0x000000008e900000| PB 0x000000008e900000| Untracked 
| 234|0x000000008ea00000, 0x000000008ea00000, 0x000000008eb00000|  0%| F|  |TAMS 0x000000008ea00000| PB 0x000000008ea00000| Untracked 
| 235|0x000000008eb00000, 0x000000008eb00000, 0x000000008ec00000|  0%| F|  |TAMS 0x000000008eb00000| PB 0x000000008eb00000| Untracked 
| 236|0x000000008ec00000, 0x000000008ec00000, 0x000000008ed00000|  0%| F|  |TAMS 0x000000008ec00000| PB 0x000000008ec00000| Untracked 
| 237|0x000000008ed00000, 0x000000008ed00000, 0x000000008ee00000|  0%| F|  |TAMS 0x000000008ed00000| PB 0x000000008ed00000| Untracked 
| 238|0x000000008ee00000, 0x000000008ee00000, 0x000000008ef00000|  0%| F|  |TAMS 0x000000008ee00000| PB 0x000000008ee00000| Untracked 
| 239|0x000000008ef00000, 0x000000008ef00000, 0x000000008f000000|  0%| F|  |TAMS 0x000000008ef00000| PB 0x000000008ef00000| Untracked 
| 240|0x000000008f000000, 0x000000008f000000, 0x000000008f100000|  0%| F|  |TAMS 0x000000008f000000| PB 0x000000008f000000| Untracked 
| 241|0x000000008f100000, 0x000000008f100000, 0x000000008f200000|  0%| F|  |TAMS 0x000000008f100000| PB 0x000000008f100000| Untracked 
| 242|0x000000008f200000, 0x000000008f200000, 0x000000008f300000|  0%| F|  |TAMS 0x000000008f200000| PB 0x000000008f200000| Untracked 
| 243|0x000000008f300000, 0x000000008f300000, 0x000000008f400000|  0%| F|  |TAMS 0x000000008f300000| PB 0x000000008f300000| Untracked 
| 244|0x000000008f400000, 0x000000008f400000, 0x000000008f500000|  0%| F|  |TAMS 0x000000008f400000| PB 0x000000008f400000| Untracked 
| 245|0x000000008f500000, 0x000000008f500000, 0x000000008f600000|  0%| F|  |TAMS 0x000000008f500000| PB 0x000000008f500000| Untracked 
| 246|0x000000008f600000, 0x000000008f600000, 0x000000008f700000|  0%| F|  |TAMS 0x000000008f600000| PB 0x000000008f600000| Untracked 
| 247|0x000000008f700000, 0x000000008f700000, 0x000000008f800000|  0%| F|  |TAMS 0x000000008f700000| PB 0x000000008f700000| Untracked 
| 248|0x000000008f800000, 0x000000008f800000, 0x000000008f900000|  0%| F|  |TAMS 0x000000008f800000| PB 0x000000008f800000| Untracked 
| 249|0x000000008f900000, 0x000000008f900000, 0x000000008fa00000|  0%| F|  |TAMS 0x000000008f900000| PB 0x000000008f900000| Untracked 
| 250|0x000000008fa00000, 0x000000008fa00000, 0x000000008fb00000|  0%| F|  |TAMS 0x000000008fa00000| PB 0x000000008fa00000| Untracked 
| 251|0x000000008fb00000, 0x000000008fb00000, 0x000000008fc00000|  0%| F|  |TAMS 0x000000008fb00000| PB 0x000000008fb00000| Untracked 
| 252|0x000000008fc00000, 0x000000008fc00000, 0x000000008fd00000|  0%| F|  |TAMS 0x000000008fc00000| PB 0x000000008fc00000| Untracked 
| 253|0x000000008fd00000, 0x000000008fd00000, 0x000000008fe00000|  0%| F|  |TAMS 0x000000008fd00000| PB 0x000000008fd00000| Untracked 
| 254|0x000000008fe00000, 0x000000008fe00000, 0x000000008ff00000|  0%| F|  |TAMS 0x000000008fe00000| PB 0x000000008fe00000| Untracked 
| 255|0x000000008ff00000, 0x000000008ff00000, 0x0000000090000000|  0%| F|  |TAMS 0x000000008ff00000| PB 0x000000008ff00000| Untracked 
| 256|0x0000000090000000, 0x0000000090000000, 0x0000000090100000|  0%| F|  |TAMS 0x0000000090000000| PB 0x0000000090000000| Untracked 
| 257|0x0000000090100000, 0x0000000090100000, 0x0000000090200000|  0%| F|  |TAMS 0x0000000090100000| PB 0x0000000090100000| Untracked 
| 258|0x0000000090200000, 0x0000000090200000, 0x0000000090300000|  0%| F|  |TAMS 0x0000000090200000| PB 0x0000000090200000| Untracked 
| 259|0x0000000090300000, 0x0000000090300000, 0x0000000090400000|  0%| F|  |TAMS 0x0000000090300000| PB 0x0000000090300000| Untracked 
| 260|0x0000000090400000, 0x0000000090400000, 0x0000000090500000|  0%| F|  |TAMS 0x0000000090400000| PB 0x0000000090400000| Untracked 
| 261|0x0000000090500000, 0x0000000090500000, 0x0000000090600000|  0%| F|  |TAMS 0x0000000090500000| PB 0x0000000090500000| Untracked 
| 262|0x0000000090600000, 0x0000000090600000, 0x0000000090700000|  0%| F|  |TAMS 0x0000000090600000| PB 0x0000000090600000| Untracked 
| 263|0x0000000090700000, 0x0000000090700000, 0x0000000090800000|  0%| F|  |TAMS 0x0000000090700000| PB 0x0000000090700000| Untracked 
| 264|0x0000000090800000, 0x0000000090800000, 0x0000000090900000|  0%| F|  |TAMS 0x0000000090800000| PB 0x0000000090800000| Untracked 
| 265|0x0000000090900000, 0x0000000090900000, 0x0000000090a00000|  0%| F|  |TAMS 0x0000000090900000| PB 0x0000000090900000| Untracked 
| 266|0x0000000090a00000, 0x0000000090a00000, 0x0000000090b00000|  0%| F|  |TAMS 0x0000000090a00000| PB 0x0000000090a00000| Untracked 
| 267|0x0000000090b00000, 0x0000000090b00000, 0x0000000090c00000|  0%| F|  |TAMS 0x0000000090b00000| PB 0x0000000090b00000| Untracked 
| 268|0x0000000090c00000, 0x0000000090c00000, 0x0000000090d00000|  0%| F|  |TAMS 0x0000000090c00000| PB 0x0000000090c00000| Untracked 
| 269|0x0000000090d00000, 0x0000000090d00000, 0x0000000090e00000|  0%| F|  |TAMS 0x0000000090d00000| PB 0x0000000090d00000| Untracked 
| 270|0x0000000090e00000, 0x0000000090e00000, 0x0000000090f00000|  0%| F|  |TAMS 0x0000000090e00000| PB 0x0000000090e00000| Untracked 
| 271|0x0000000090f00000, 0x0000000090f00000, 0x0000000091000000|  0%| F|  |TAMS 0x0000000090f00000| PB 0x0000000090f00000| Untracked 
| 272|0x0000000091000000, 0x0000000091000000, 0x0000000091100000|  0%| F|  |TAMS 0x0000000091000000| PB 0x0000000091000000| Untracked 
| 273|0x0000000091100000, 0x0000000091100000, 0x0000000091200000|  0%| F|  |TAMS 0x0000000091100000| PB 0x0000000091100000| Untracked 
| 274|0x0000000091200000, 0x0000000091200000, 0x0000000091300000|  0%| F|  |TAMS 0x0000000091200000| PB 0x0000000091200000| Untracked 
| 275|0x0000000091300000, 0x0000000091300000, 0x0000000091400000|  0%| F|  |TAMS 0x0000000091300000| PB 0x0000000091300000| Untracked 
| 276|0x0000000091400000, 0x0000000091400000, 0x0000000091500000|  0%| F|  |TAMS 0x0000000091400000| PB 0x0000000091400000| Untracked 
| 277|0x0000000091500000, 0x0000000091500000, 0x0000000091600000|  0%| F|  |TAMS 0x0000000091500000| PB 0x0000000091500000| Untracked 
| 278|0x0000000091600000, 0x0000000091600000, 0x0000000091700000|  0%| F|  |TAMS 0x0000000091600000| PB 0x0000000091600000| Untracked 
| 279|0x0000000091700000, 0x0000000091800000, 0x0000000091800000|100%| S|CS|TAMS 0x0000000091700000| PB 0x0000000091700000| Complete 
| 280|0x0000000091800000, 0x0000000091900000, 0x0000000091900000|100%| S|CS|TAMS 0x0000000091800000| PB 0x0000000091800000| Complete 
|2021|0x00000000fe500000, 0x00000000fe600000, 0x00000000fe600000|100%| O|  |TAMS 0x00000000fe500000| PB 0x00000000fe500000| Untracked 
|2022|0x00000000fe600000, 0x00000000fe700000, 0x00000000fe700000|100%| O|  |TAMS 0x00000000fe600000| PB 0x00000000fe600000| Untracked 
|2023|0x00000000fe700000, 0x00000000fe800000, 0x00000000fe800000|100%| O|  |TAMS 0x00000000fe700000| PB 0x00000000fe700000| Untracked 
|2024|0x00000000fe800000, 0x00000000fe900000, 0x00000000fe900000|100%| O|  |TAMS 0x00000000fe800000| PB 0x00000000fe800000| Untracked 
|2025|0x00000000fe900000, 0x00000000fe900000, 0x00000000fea00000|  0%| F|  |TAMS 0x00000000fe900000| PB 0x00000000fe900000| Untracked 
|2026|0x00000000fea00000, 0x00000000feb00000, 0x00000000feb00000|100%| O|  |TAMS 0x00000000fea00000| PB 0x00000000fea00000| Untracked 
|2027|0x00000000feb00000, 0x00000000fec00000, 0x00000000fec00000|100%| O|  |TAMS 0x00000000feb00000| PB 0x00000000feb00000| Untracked 
|2028|0x00000000fec00000, 0x00000000fed00000, 0x00000000fed00000|100%| O|  |TAMS 0x00000000fec00000| PB 0x00000000fec00000| Untracked 
|2029|0x00000000fed00000, 0x00000000fee00000, 0x00000000fee00000|100%| O|  |TAMS 0x00000000fed00000| PB 0x00000000fed00000| Untracked 
|2030|0x00000000fee00000, 0x00000000fee00000, 0x00000000fef00000|  0%| F|  |TAMS 0x00000000fee00000| PB 0x00000000fee00000| Untracked 
|2031|0x00000000fef00000, 0x00000000fef00000, 0x00000000ff000000|  0%| F|  |TAMS 0x00000000fef00000| PB 0x00000000fef00000| Untracked 
|2032|0x00000000ff000000, 0x00000000ff000000, 0x00000000ff100000|  0%| F|  |TAMS 0x00000000ff000000| PB 0x00000000ff000000| Untracked 
|2033|0x00000000ff100000, 0x00000000ff100000, 0x00000000ff200000|  0%| F|  |TAMS 0x00000000ff100000| PB 0x00000000ff100000| Untracked 
|2034|0x00000000ff200000, 0x00000000ff200000, 0x00000000ff300000|  0%| F|  |TAMS 0x00000000ff200000| PB 0x00000000ff200000| Untracked 
|2035|0x00000000ff300000, 0x00000000ff300000, 0x00000000ff400000|  0%| F|  |TAMS 0x00000000ff300000| PB 0x00000000ff300000| Untracked 
|2036|0x00000000ff400000, 0x00000000ff400000, 0x00000000ff500000|  0%| F|  |TAMS 0x00000000ff400000| PB 0x00000000ff400000| Untracked 
|2037|0x00000000ff500000, 0x00000000ff500000, 0x00000000ff600000|  0%| F|  |TAMS 0x00000000ff500000| PB 0x00000000ff500000| Untracked 
|2038|0x00000000ff600000, 0x00000000ff600000, 0x00000000ff700000|  0%| F|  |TAMS 0x00000000ff600000| PB 0x00000000ff600000| Untracked 
|2039|0x00000000ff700000, 0x00000000ff700000, 0x00000000ff800000|  0%| F|  |TAMS 0x00000000ff700000| PB 0x00000000ff700000| Untracked 
|2040|0x00000000ff800000, 0x00000000ff800000, 0x00000000ff900000|  0%| F|  |TAMS 0x00000000ff800000| PB 0x00000000ff800000| Untracked 
|2041|0x00000000ff900000, 0x00000000ff900000, 0x00000000ffa00000|  0%| F|  |TAMS 0x00000000ff900000| PB 0x00000000ff900000| Untracked 
|2042|0x00000000ffa00000, 0x00000000ffa00000, 0x00000000ffb00000|  0%| F|  |TAMS 0x00000000ffa00000| PB 0x00000000ffa00000| Untracked 
|2043|0x00000000ffb00000, 0x00000000ffba6620, 0x00000000ffc00000| 64%| E|  |TAMS 0x00000000ffb00000| PB 0x00000000ffb00000| Complete 
|2044|0x00000000ffc00000, 0x00000000ffd00000, 0x00000000ffd00000|100%| E|CS|TAMS 0x00000000ffc00000| PB 0x00000000ffc00000| Complete 
|2045|0x00000000ffd00000, 0x00000000ffe00000, 0x00000000ffe00000|100%| O|  |TAMS 0x00000000ffd00000| PB 0x00000000ffd00000| Untracked 
|2046|0x00000000ffe00000, 0x00000000fff00000, 0x00000000fff00000|100%| O|  |TAMS 0x00000000ffe00000| PB 0x00000000ffe00000| Untracked 
|2047|0x00000000fff00000, 0x0000000100000000, 0x0000000100000000|100%| O|  |TAMS 0x00000000fff00000| PB 0x00000000fff00000| Untracked 

Card table byte_map: [0x0000021e4fd10000,0x0000021e50110000] _byte_map_base: 0x0000021e4f910000

Marking Bits: (CMBitMap*) 0x0000021e388e83e0
 Bits: [0x0000021e50110000, 0x0000021e52110000)

Polling page: 0x0000021e367c0000

Metaspace:

Usage:
  Non-class:    126.11 MB used.
      Class:     18.53 MB used.
       Both:    144.63 MB used.

Virtual space:
  Non-class space:      128.00 MB reserved,     127.56 MB (>99%) committed,  2 nodes.
      Class space:        1.00 GB reserved,      20.44 MB (  2%) committed,  1 nodes.
             Both:        1.12 GB reserved,     148.00 MB ( 13%) committed. 

Chunk freelists:
   Non-Class:  1.27 MB
       Class:  12.69 MB
        Both:  13.96 MB

MaxMetaspaceSize: unlimited
CompressedClassSpaceSize: 1.00 GB
Initial GC threshold: 21.00 MB
Current GC threshold: 246.69 MB
CDS: on
 - commit_granule_bytes: 65536.
 - commit_granule_words: 8192.
 - virtual_space_node_default_size: 8388608.
 - enlarge_chunks_in_place: 1.
 - use_allocation_guard: 0.


Internal statistics:

num_allocs_failed_limit: 6.
num_arena_births: 4958.
num_arena_deaths: 2616.
num_vsnodes_births: 3.
num_vsnodes_deaths: 0.
num_space_committed: 2370.
num_space_uncommitted: 3.
num_chunks_returned_to_freelist: 2922.
num_chunks_taken_from_freelist: 11857.
num_chunk_merges: 1043.
num_chunk_splits: 7709.
num_chunks_enlarged: 5122.
num_inconsistent_stats: 0.

CodeHeap 'non-profiled nmethods': size=120064Kb used=15087Kb max_used=15087Kb free=104976Kb
 bounds [0x0000021e487d0000, 0x0000021e496b0000, 0x0000021e4fd10000]
CodeHeap 'profiled nmethods': size=120000Kb used=39815Kb max_used=45766Kb free=80184Kb
 bounds [0x0000021e40d10000, 0x0000021e439d0000, 0x0000021e48240000]
CodeHeap 'non-nmethods': size=5696Kb used=2338Kb max_used=2395Kb free=3358Kb
 bounds [0x0000021e48240000, 0x0000021e484b0000, 0x0000021e487d0000]
 total_blobs=19210 nmethods=18213 adapters=900
 compilation: enabled
              stopped_count=0, restarted_count=0
 full_count=0

Compilation events (20 events):
Event: 3342.383 Thread 0x0000021e544ce980 nmethod 29535 0x0000021e41b5e510 code [0x0000021e41b5e6e0, 0x0000021e41b5ea58]
Event: 3342.385 Thread 0x0000021e544ce980 29536       3       org.antlr.v4.runtime.CharStreams::fromString (41 bytes)
Event: 3342.386 Thread 0x0000021e544ce980 nmethod 29536 0x0000021e42079290 code [0x0000021e42079540, 0x0000021e4207a1e8]
Event: 3342.387 Thread 0x0000021e544ce980 29537   !   3       org.tomlj.internal.TomlParser::tomlKey (105 bytes)
Event: 3342.387 Thread 0x0000021e544ce980 nmethod 29537 0x0000021e429bcd10 code [0x0000021e429bcf80, 0x0000021e429bda50]
Event: 3342.387 Thread 0x0000021e544ce980 29538       3       org.tomlj.MutableTomlTable::getElement (120 bytes)
Event: 3342.388 Thread 0x0000021e544ce980 nmethod 29538 0x0000021e41a40390 code [0x0000021e41a405e0, 0x0000021e41a410a0]
Event: 3342.393 Thread 0x0000021e544ce980 29539       3       com.esotericsoftware.kryo.io.Input::require (220 bytes)
Event: 3342.395 Thread 0x0000021e544ce980 nmethod 29539 0x0000021e428e0b10 code [0x0000021e428e0de0, 0x0000021e428e1ad8]
Event: 3342.397 Thread 0x0000021e544ce980 29540       3       org.gradle.internal.service.scopes.AbstractGradleModuleServices::registerProjectServices (1 bytes)
Event: 3342.397 Thread 0x0000021e544ce980 nmethod 29540 0x0000021e4227e590 code [0x0000021e4227e720, 0x0000021e4227e828]
Event: 3342.400 Thread 0x0000021e544ce980 29541       3       org.gradle.internal.ImmutableActionSet$EmptySet::addOne (9 bytes)
Event: 3342.400 Thread 0x0000021e544ce980 nmethod 29541 0x0000021e4199cf10 code [0x0000021e4199d0c0, 0x0000021e4199d398]
Event: 3342.402 Thread 0x0000021e544bdc20 29542       4       org.gradle.internal.service.ServiceAccess::getPublicScope (4 bytes)
Event: 3342.402 Thread 0x0000021e544bdc20 nmethod 29542 0x0000021e48dffa10 code [0x0000021e48dffb80, 0x0000021e48dffbf0]
Event: 3342.402 Thread 0x0000021e544bdc20 29543       4       org.gradle.util.internal.CollectionUtils::collect (44 bytes)
Event: 3342.403 Thread 0x0000021e544ce980 29544       3       groovy.lang.GroovyObjectSupport::<init> (13 bytes)
Event: 3342.403 Thread 0x0000021e544ce980 nmethod 29544 0x0000021e41644390 code [0x0000021e41644580, 0x0000021e41644b00]
Event: 3342.409 Thread 0x0000021e544ce980 29546       3       org.gradle.internal.ImmutableActionSet$SingletonSet::addOne (42 bytes)
Event: 3342.410 Thread 0x0000021e544ce980 nmethod 29546 0x0000021e41994190 code [0x0000021e41994380, 0x0000021e41994ba8]

GC Heap History (20 events):
Event: 1904.775 GC heap before
{Heap before GC invocations=64 (full 0):
 garbage-first heap   total 281600K, used 233984K [0x0000000080000000, 0x0000000100000000)
  region size 1024K, 71 young (72704K), 12 survivors (12288K)
 Metaspace       used 148699K, committed 151360K, reserved 1179648K
  class space    used 19601K, committed 20928K, reserved 1048576K
}
Event: 1904.805 GC heap after
{Heap after GC invocations=65 (full 0):
 garbage-first heap   total 281600K, used 171008K [0x0000000080000000, 0x0000000100000000)
  region size 1024K, 4 young (4096K), 4 survivors (4096K)
 Metaspace       used 148699K, committed 151360K, reserved 1179648K
  class space    used 19601K, committed 20928K, reserved 1048576K
}
Event: 1907.654 GC heap before
{Heap before GC invocations=66 (full 0):
 garbage-first heap   total 291840K, used 254976K [0x0000000080000000, 0x0000000100000000)
  region size 1024K, 84 young (86016K), 4 survivors (4096K)
 Metaspace       used 147434K, committed 151424K, reserved 1179648K
  class space    used 19181K, committed 20928K, reserved 1048576K
}
Event: 1907.690 GC heap after
{Heap after GC invocations=67 (full 0):
 garbage-first heap   total 291840K, used 178688K [0x0000000080000000, 0x0000000100000000)
  region size 1024K, 11 young (11264K), 11 survivors (11264K)
 Metaspace       used 147434K, committed 151424K, reserved 1179648K
  class space    used 19181K, committed 20928K, reserved 1048576K
}
Event: 1910.691 GC heap before
{Heap before GC invocations=67 (full 0):
 garbage-first heap   total 291840K, used 263680K [0x0000000080000000, 0x0000000100000000)
  region size 1024K, 93 young (95232K), 11 survivors (11264K)
 Metaspace       used 147760K, committed 151488K, reserved 1179648K
  class space    used 19188K, committed 20928K, reserved 1048576K
}
Event: 1910.745 GC heap after
{Heap after GC invocations=68 (full 0):
 garbage-first heap   total 291840K, used 165371K [0x0000000080000000, 0x0000000100000000)
  region size 1024K, 6 young (6144K), 6 survivors (6144K)
 Metaspace       used 147760K, committed 151488K, reserved 1179648K
  class space    used 19188K, committed 20928K, reserved 1048576K
}
Event: 1912.784 GC heap before
{Heap before GC invocations=68 (full 0):
 garbage-first heap   total 291840K, used 179707K [0x0000000080000000, 0x0000000100000000)
  region size 1024K, 22 young (22528K), 6 survivors (6144K)
 Metaspace       used 147821K, committed 151488K, reserved 1179648K
  class space    used 19188K, committed 20928K, reserved 1048576K
}
Event: 1912.800 GC heap after
{Heap after GC invocations=69 (full 0):
 garbage-first heap   total 291840K, used 165248K [0x0000000080000000, 0x0000000100000000)
  region size 1024K, 6 young (6144K), 6 survivors (6144K)
 Metaspace       used 147821K, committed 151488K, reserved 1179648K
  class space    used 19188K, committed 20928K, reserved 1048576K
}
Event: 2044.946 GC heap before
{Heap before GC invocations=70 (full 0):
 garbage-first heap   total 291840K, used 286080K [0x0000000080000000, 0x0000000100000000)
  region size 1024K, 100 young (102400K), 6 survivors (6144K)
 Metaspace       used 147716K, committed 151296K, reserved 1179648K
  class space    used 19127K, committed 20928K, reserved 1048576K
}
Event: 2044.982 GC heap after
{Heap after GC invocations=71 (full 0):
 garbage-first heap   total 297984K, used 163328K [0x0000000080000000, 0x0000000100000000)
  region size 1024K, 10 young (10240K), 10 survivors (10240K)
 Metaspace       used 147716K, committed 151296K, reserved 1179648K
  class space    used 19127K, committed 20928K, reserved 1048576K
}
Event: 2055.990 GC heap before
{Heap before GC invocations=71 (full 0):
 garbage-first heap   total 297984K, used 274944K [0x0000000080000000, 0x0000000100000000)
  region size 1024K, 114 young (116736K), 10 survivors (10240K)
 Metaspace       used 148332K, committed 151488K, reserved 1179648K
  class space    used 19148K, committed 20928K, reserved 1048576K
}
Event: 2056.075 GC heap after
{Heap after GC invocations=72 (full 0):
 garbage-first heap   total 307200K, used 178176K [0x0000000080000000, 0x0000000100000000)
  region size 1024K, 15 young (15360K), 15 survivors (15360K)
 Metaspace       used 148332K, committed 151488K, reserved 1179648K
  class space    used 19148K, committed 20928K, reserved 1048576K
}
Event: 2057.794 GC heap before
{Heap before GC invocations=72 (full 0):
 garbage-first heap   total 307200K, used 200704K [0x0000000080000000, 0x0000000100000000)
  region size 1024K, 38 young (38912K), 15 survivors (15360K)
 Metaspace       used 148407K, committed 151552K, reserved 1179648K
  class space    used 19148K, committed 20928K, reserved 1048576K
}
Event: 2057.820 GC heap after
{Heap after GC invocations=73 (full 0):
 garbage-first heap   total 307200K, used 171520K [0x0000000080000000, 0x0000000100000000)
  region size 1024K, 2 young (2048K), 2 survivors (2048K)
 Metaspace       used 148407K, committed 151552K, reserved 1179648K
  class space    used 19148K, committed 20928K, reserved 1048576K
}
Event: 2063.330 GC heap before
{Heap before GC invocations=74 (full 0):
 garbage-first heap   total 307200K, used 301568K [0x0000000080000000, 0x0000000100000000)
  region size 1024K, 102 young (104448K), 2 survivors (2048K)
 Metaspace       used 147838K, committed 151552K, reserved 1179648K
  class space    used 18969K, committed 20928K, reserved 1048576K
}
Event: 2063.352 GC heap after
{Heap after GC invocations=75 (full 0):
 garbage-first heap   total 309248K, used 173981K [0x0000000080000000, 0x0000000100000000)
  region size 1024K, 6 young (6144K), 6 survivors (6144K)
 Metaspace       used 147838K, committed 151552K, reserved 1179648K
  class space    used 18969K, committed 20928K, reserved 1048576K
}
Event: 2066.145 GC heap before
{Heap before GC invocations=75 (full 0):
 garbage-first heap   total 309248K, used 279453K [0x0000000080000000, 0x0000000100000000)
  region size 1024K, 109 young (111616K), 6 survivors (6144K)
 Metaspace       used 147911K, committed 151552K, reserved 1179648K
  class space    used 18969K, committed 20928K, reserved 1048576K
}
Event: 2066.260 GC heap after
{Heap after GC invocations=76 (full 0):
 garbage-first heap   total 309248K, used 161280K [0x0000000080000000, 0x0000000100000000)
  region size 1024K, 13 young (13312K), 13 survivors (13312K)
 Metaspace       used 147911K, committed 151552K, reserved 1179648K
  class space    used 18969K, committed 20928K, reserved 1048576K
}
Event: 3342.234 GC heap before
{Heap before GC invocations=76 (full 0):
 garbage-first heap   total 309248K, used 307712K [0x0000000080000000, 0x0000000100000000)
  region size 1024K, 125 young (128000K), 13 survivors (13312K)
 Metaspace       used 148098K, committed 151552K, reserved 1179648K
  class space    used 18969K, committed 20928K, reserved 1048576K
}
Event: 3342.254 GC heap after
{Heap after GC invocations=77 (full 0):
 garbage-first heap   total 315392K, used 152576K [0x0000000080000000, 0x0000000100000000)
  region size 1024K, 2 young (2048K), 2 survivors (2048K)
 Metaspace       used 148098K, committed 151552K, reserved 1179648K
  class space    used 18969K, committed 20928K, reserved 1048576K
}

Dll operation events (15 events):
Event: 0.018 Loaded shared library C:\Program Files\Java\jdk-21\bin\java.dll
Event: 0.066 Loaded shared library C:\Program Files\Java\jdk-21\bin\jsvml.dll
Event: 0.155 Loaded shared library C:\Program Files\Java\jdk-21\bin\zip.dll
Event: 0.164 Loaded shared library C:\Program Files\Java\jdk-21\bin\instrument.dll
Event: 0.172 Loaded shared library C:\Program Files\Java\jdk-21\bin\net.dll
Event: 0.175 Loaded shared library C:\Program Files\Java\jdk-21\bin\nio.dll
Event: 0.180 Loaded shared library C:\Program Files\Java\jdk-21\bin\zip.dll
Event: 0.645 Loaded shared library C:\Program Files\Java\jdk-21\bin\jimage.dll
Event: 1.066 Loaded shared library C:\Program Files\Java\jdk-21\bin\verify.dll
Event: 1.126 Loaded shared library C:\Users\Justzurama\.gradle\native\660c5614fbf4a5f2a75b1949f50a0caf5cd603558e7d8a26e50b933a0cfb79d1\windows-amd64\native-platform.dll
Event: 1.142 Loaded shared library C:\Users\Justzurama\.gradle\native\0.2.8\x86_64-windows-gnu\gradle-fileevents.dll
Event: 3.421 Loaded shared library C:\Program Files\Java\jdk-21\bin\management.dll
Event: 3.424 Loaded shared library C:\Program Files\Java\jdk-21\bin\management_ext.dll
Event: 3.688 Loaded shared library C:\Program Files\Java\jdk-21\bin\extnet.dll
Event: 4.091 Loaded shared library C:\Program Files\Java\jdk-21\bin\sunmscapi.dll

Deoptimization events (20 events):
Event: 3341.630 Thread 0x0000021e9e9ff580 Uncommon trap: trap_request=0xffffff45 fr.pc=0x0000021e48b6c2b8 relative=0x0000000000000098
Event: 3341.630 Thread 0x0000021e9e9ff580 Uncommon trap: reason=unstable_if action=reinterpret pc=0x0000021e48b6c2b8 method=org.gradle.internal.snapshot.VfsRelativePath.determineOffset(Ljava/lang/String;)I @ 18 c2
Event: 3341.630 Thread 0x0000021e9e9ff580 DEOPT PACKING pc=0x0000021e48b6c2b8 sp=0x00000056d3ffc1d0
Event: 3341.630 Thread 0x0000021e9e9ff580 DEOPT UNPACKING pc=0x0000021e4829469c sp=0x00000056d3ffc160 mode 2
Event: 3341.631 Thread 0x0000021e9e9ff580 Uncommon trap: trap_request=0xffffff45 fr.pc=0x0000021e48eeba58 relative=0x0000000000001018
Event: 3341.631 Thread 0x0000021e9e9ff580 Uncommon trap: reason=unstable_if action=reinterpret pc=0x0000021e48eeba58 method=org.gradle.internal.file.FileHierarchySet$Node.isChildOfOrThis(Ljava/lang/String;I)Z @ 7 c2
Event: 3341.631 Thread 0x0000021e9e9ff580 DEOPT PACKING pc=0x0000021e48eeba58 sp=0x00000056d3ffc460
Event: 3341.631 Thread 0x0000021e9e9ff580 DEOPT UNPACKING pc=0x0000021e4829469c sp=0x00000056d3ffc3a8 mode 2
Event: 3342.327 Thread 0x0000021e9e9ff580 Uncommon trap: trap_request=0xffffff6e fr.pc=0x0000021e49176b5c relative=0x000000000000035c
Event: 3342.327 Thread 0x0000021e9e9ff580 Uncommon trap: reason=loop_limit_check action=maybe_recompile pc=0x0000021e49176b5c method=org.antlr.v4.runtime.BufferedTokenStream.previousTokenOnChannel(II)I @ 22 c2
Event: 3342.327 Thread 0x0000021e9e9ff580 DEOPT PACKING pc=0x0000021e49176b5c sp=0x00000056d3ffa710
Event: 3342.327 Thread 0x0000021e9e9ff580 DEOPT UNPACKING pc=0x0000021e4829469c sp=0x00000056d3ffa638 mode 2
Event: 3342.389 Thread 0x0000021e9e9ff580 Uncommon trap: trap_request=0xffffffd6 fr.pc=0x0000021e491acda8 relative=0x0000000000001848
Event: 3342.389 Thread 0x0000021e9e9ff580 Uncommon trap: reason=array_check action=maybe_recompile pc=0x0000021e491acda8 method=java.util.TimSort.binarySort([Ljava/lang/Object;IIILjava/util/Comparator;)V @ 183 c2
Event: 3342.389 Thread 0x0000021e9e9ff580 DEOPT PACKING pc=0x0000021e491acda8 sp=0x00000056d3ffadb0
Event: 3342.389 Thread 0x0000021e9e9ff580 DEOPT UNPACKING pc=0x0000021e4829469c sp=0x00000056d3ffaca0 mode 2
Event: 3342.389 Thread 0x0000021e9e9ff580 Uncommon trap: trap_request=0xffffffc6 fr.pc=0x0000021e4929df44 relative=0x0000000000000924
Event: 3342.389 Thread 0x0000021e9e9ff580 Uncommon trap: reason=bimorphic_or_optimized_type_check action=maybe_recompile pc=0x0000021e4929df44 method=java.security.MessageDigest$Delegate.clone()Ljava/lang/Object; @ 15 c2
Event: 3342.389 Thread 0x0000021e9e9ff580 DEOPT PACKING pc=0x0000021e4929df44 sp=0x00000056d3ffaf30
Event: 3342.389 Thread 0x0000021e9e9ff580 DEOPT UNPACKING pc=0x0000021e4829469c sp=0x00000056d3ffaf00 mode 2

Classes loaded (20 events):
Event: 97.887 Loading class sun/reflect/misc/MethodUtil$1
Event: 97.887 Loading class sun/reflect/misc/MethodUtil$1 done
Event: 97.985 Loading class java/nio/channels/CancelledKeyException
Event: 97.985 Loading class java/nio/channels/CancelledKeyException done
Event: 98.117 Loading class java/lang/ProcessBuilder$NullInputStream
Event: 98.117 Loading class java/lang/ProcessBuilder$NullInputStream done
Event: 103.912 Loading class java/nio/channels/AsynchronousCloseException
Event: 103.912 Loading class java/nio/channels/AsynchronousCloseException done
Event: 103.918 Loading class sun/nio/ch/SocketChannelImpl$DefaultOptionsHolder
Event: 103.918 Loading class sun/nio/ch/SocketChannelImpl$DefaultOptionsHolder done
Event: 104.925 Loading class sun/net/ConnectionResetException
Event: 104.926 Loading class sun/net/ConnectionResetException done
Event: 109.732 Loading class java/util/concurrent/CompletableFuture$AsyncRun
Event: 109.739 Loading class java/util/concurrent/CompletableFuture$AsyncRun done
Event: 1881.083 Loading class jdk/internal/math/FormattedFPDecimal
Event: 1881.084 Loading class jdk/internal/math/FormattedFPDecimal done
Event: 1889.530 Loading class java/util/Collections$UnmodifiableSortedMap
Event: 1889.531 Loading class java/util/Collections$UnmodifiableSortedMap done
Event: 1909.016 Loading class java/util/zip/ZipOutputStream$XEntry
Event: 1909.017 Loading class java/util/zip/ZipOutputStream$XEntry done

Classes unloaded (20 events):
Event: 2058.415 Thread 0x0000021e54491060 Unloading class 0x0000021e560f7800 'java/lang/invoke/LambdaForm$MH+0x0000021e560f7800'
Event: 2058.415 Thread 0x0000021e54491060 Unloading class 0x0000021e560f7400 'java/lang/invoke/LambdaForm$MH+0x0000021e560f7400'
Event: 2058.415 Thread 0x0000021e54491060 Unloading class 0x0000021e560f6c00 'java/lang/invoke/LambdaForm$MH+0x0000021e560f6c00'
Event: 2058.415 Thread 0x0000021e54491060 Unloading class 0x0000021e560f6000 'java/lang/invoke/LambdaForm$MH+0x0000021e560f6000'
Event: 2058.415 Thread 0x0000021e54491060 Unloading class 0x0000021e560f5c00 'java/lang/invoke/LambdaForm$MH+0x0000021e560f5c00'
Event: 2058.415 Thread 0x0000021e54491060 Unloading class 0x0000021e560f5800 'java/lang/invoke/LambdaForm$MH+0x0000021e560f5800'
Event: 2058.415 Thread 0x0000021e54491060 Unloading class 0x0000021e560f5000 'java/lang/invoke/LambdaForm$MH+0x0000021e560f5000'
Event: 2058.415 Thread 0x0000021e54491060 Unloading class 0x0000021e560f4000 'java/lang/invoke/LambdaForm$MH+0x0000021e560f4000'
Event: 2058.415 Thread 0x0000021e54491060 Unloading class 0x0000021e560ea400 'java/lang/invoke/LambdaForm$MH+0x0000021e560ea400'
Event: 2058.415 Thread 0x0000021e54491060 Unloading class 0x0000021e560e9000 'java/lang/invoke/LambdaForm$MH+0x0000021e560e9000'
Event: 2058.415 Thread 0x0000021e54491060 Unloading class 0x0000021e560e8c00 'java/lang/invoke/LambdaForm$MH+0x0000021e560e8c00'
Event: 2058.415 Thread 0x0000021e54491060 Unloading class 0x0000021e560ddc00 'java/lang/invoke/LambdaForm$MH+0x0000021e560ddc00'
Event: 2058.415 Thread 0x0000021e54491060 Unloading class 0x0000021e560dd800 'java/lang/invoke/LambdaForm$MH+0x0000021e560dd800'
Event: 2058.415 Thread 0x0000021e54491060 Unloading class 0x0000021e560dc400 'java/lang/invoke/LambdaForm$MH+0x0000021e560dc400'
Event: 2058.415 Thread 0x0000021e54491060 Unloading class 0x0000021e560dc000 'java/lang/invoke/LambdaForm$MH+0x0000021e560dc000'
Event: 2058.415 Thread 0x0000021e54491060 Unloading class 0x0000021e560a0400 'java/lang/invoke/LambdaForm$MH+0x0000021e560a0400'
Event: 2058.415 Thread 0x0000021e54491060 Unloading class 0x0000021e56099c00 'java/lang/invoke/LambdaForm$MH+0x0000021e56099c00'
Event: 2058.415 Thread 0x0000021e54491060 Unloading class 0x0000021e56099800 'java/lang/invoke/LambdaForm$MH+0x0000021e56099800'
Event: 2058.415 Thread 0x0000021e54491060 Unloading class 0x0000021e56098c00 'java/lang/invoke/LambdaForm$MH+0x0000021e56098c00'
Event: 2058.415 Thread 0x0000021e54491060 Unloading class 0x0000021e56098000 'java/lang/invoke/LambdaForm$MH+0x0000021e56098000'

Classes redefined (0 events):
No events

Internal exceptions (20 events):
Event: 2076.676 Thread 0x0000021e9ea00fc0 Exception <a 'sun/nio/fs/WindowsException'{0x000000008d97c008}> (0x000000008d97c008) 
thrown [s\open\src\hotspot\share\prims\jni.cpp, line 520]
Event: 2076.676 Thread 0x0000021e9ea00fc0 Exception <a 'sun/nio/fs/WindowsException'{0x000000008d97cb30}> (0x000000008d97cb30) 
thrown [s\open\src\hotspot\share\prims\jni.cpp, line 520]
Event: 2076.676 Thread 0x0000021e9ea00fc0 Exception <a 'sun/nio/fs/WindowsException'{0x000000008d97d6b0}> (0x000000008d97d6b0) 
thrown [s\open\src\hotspot\share\prims\jni.cpp, line 520]
Event: 2076.677 Thread 0x0000021e9ea00fc0 Exception <a 'sun/nio/fs/WindowsException'{0x000000008d98ded8}> (0x000000008d98ded8) 
thrown [s\open\src\hotspot\share\prims\jni.cpp, line 520]
Event: 2076.677 Thread 0x0000021e9ea00fc0 Exception <a 'sun/nio/fs/WindowsException'{0x000000008d98e9e0}> (0x000000008d98e9e0) 
thrown [s\open\src\hotspot\share\prims\jni.cpp, line 520]
Event: 2076.678 Thread 0x0000021e9ea00fc0 Exception <a 'sun/nio/fs/WindowsException'{0x000000008d98f540}> (0x000000008d98f540) 
thrown [s\open\src\hotspot\share\prims\jni.cpp, line 520]
Event: 2076.679 Thread 0x0000021e9ea00fc0 Exception <a 'sun/nio/fs/WindowsException'{0x000000008d997ef8}> (0x000000008d997ef8) 
thrown [s\open\src\hotspot\share\prims\jni.cpp, line 520]
Event: 2076.679 Thread 0x0000021e9ea00fc0 Exception <a 'sun/nio/fs/WindowsException'{0x000000008d998a20}> (0x000000008d998a20) 
thrown [s\open\src\hotspot\share\prims\jni.cpp, line 520]
Event: 2076.679 Thread 0x0000021e9ea00fc0 Exception <a 'sun/nio/fs/WindowsException'{0x000000008d9995a8}> (0x000000008d9995a8) 
thrown [s\open\src\hotspot\share\prims\jni.cpp, line 520]
Event: 2076.680 Thread 0x0000021e9ea00fc0 Exception <a 'sun/nio/fs/WindowsException'{0x000000008d9a4f58}> (0x000000008d9a4f58) 
thrown [s\open\src\hotspot\share\prims\jni.cpp, line 520]
Event: 2076.681 Thread 0x0000021e9ea00fc0 Exception <a 'sun/nio/fs/WindowsException'{0x000000008d9a5a98}> (0x000000008d9a5a98) 
thrown [s\open\src\hotspot\share\prims\jni.cpp, line 520]
Event: 2076.681 Thread 0x0000021e9ea00fc0 Exception <a 'sun/nio/fs/WindowsException'{0x000000008d9a6638}> (0x000000008d9a6638) 
thrown [s\open\src\hotspot\share\prims\jni.cpp, line 520]
Event: 2076.681 Thread 0x0000021e9ea00fc0 Exception <a 'sun/nio/fs/WindowsException'{0x000000008d9ac788}> (0x000000008d9ac788) 
thrown [s\open\src\hotspot\share\prims\jni.cpp, line 520]
Event: 3341.742 Thread 0x0000021e9e9ff580 Exception <a 'sun/nio/fs/WindowsException'{0x000000008570f640}> (0x000000008570f640) 
thrown [s\open\src\hotspot\share\prims\jni.cpp, line 520]
Event: 3341.742 Thread 0x0000021e9e9ff580 Exception <a 'sun/nio/fs/WindowsException'{0x0000000085710b30}> (0x0000000085710b30) 
thrown [s\open\src\hotspot\share\prims\jni.cpp, line 520]
Event: 3341.743 Thread 0x0000021e9e9ff580 Exception <a 'sun/nio/fs/WindowsException'{0x0000000085712010}> (0x0000000085712010) 
thrown [s\open\src\hotspot\share\prims\jni.cpp, line 520]
Event: 3341.743 Thread 0x0000021e9e9ff580 Exception <a 'sun/nio/fs/WindowsException'{0x00000000857134c8}> (0x00000000857134c8) 
thrown [s\open\src\hotspot\share\prims\jni.cpp, line 520]
Event: 3342.211 Thread 0x0000021e9e9ff580 Exception <a 'sun/nio/fs/WindowsException'{0x00000000850f3018}> (0x00000000850f3018) 
thrown [s\open\src\hotspot\share\prims\jni.cpp, line 520]
Event: 3342.212 Thread 0x0000021e9e9ff580 Exception <a 'sun/nio/fs/WindowsException'{0x00000000850f4730}> (0x00000000850f4730) 
thrown [s\open\src\hotspot\share\prims\jni.cpp, line 520]
Event: 3342.212 Thread 0x0000021e9e9ff580 Exception <a 'sun/nio/fs/WindowsException'{0x00000000850f6cd8}> (0x00000000850f6cd8) 
thrown [s\open\src\hotspot\share\prims\jni.cpp, line 520]

ZGC Phase Switch (0 events):
No events

VM Operations (20 events):
Event: 2136.719 Executing VM operation: Cleanup
Event: 2136.720 Executing VM operation: Cleanup done
Event: 2241.689 Executing VM operation: Cleanup
Event: 2241.689 Executing VM operation: Cleanup done
Event: 2295.168 Executing VM operation: Cleanup
Event: 2295.168 Executing VM operation: Cleanup done
Event: 2484.872 Executing VM operation: Cleanup
Event: 2484.872 Executing VM operation: Cleanup done
Event: 2574.617 Executing VM operation: Cleanup
Event: 2574.617 Executing VM operation: Cleanup done
Event: 2651.231 Executing VM operation: Cleanup
Event: 2651.231 Executing VM operation: Cleanup done
Event: 2721.902 Executing VM operation: Cleanup
Event: 2721.902 Executing VM operation: Cleanup done
Event: 2754.175 Executing VM operation: Cleanup
Event: 2754.175 Executing VM operation: Cleanup done
Event: 3044.839 Executing VM operation: Cleanup
Event: 3044.839 Executing VM operation: Cleanup done
Event: 3342.213 Executing VM operation: G1CollectForAllocation (G1 Evacuation Pause)
Event: 3342.257 Executing VM operation: G1CollectForAllocation (G1 Evacuation Pause) done

Events (20 events):
Event: 2130.081 Thread 0x0000021e9ea002a0 Thread exited: 0x0000021e9ea002a0
Event: 2136.317 Thread 0x0000021e9a68dda0 Thread exited: 0x0000021e9a68dda0
Event: 2136.537 Thread 0x0000021e9b9d4e00 Thread exited: 0x0000021e9b9d4e00
Event: 2136.556 Thread 0x0000021e9b9d3a50 Thread exited: 0x0000021e9b9d3a50
Event: 2136.691 Thread 0x0000021e9ea00fc0 Thread exited: 0x0000021e9ea00fc0
Event: 3341.321 Thread 0x0000021e9e9fb3e0 Thread added: 0x0000021e9e9fb3e0
Event: 3341.326 Thread 0x0000021e9e9ffc10 Thread added: 0x0000021e9e9ffc10
Event: 3341.505 Thread 0x0000021e9e9fba70 Thread added: 0x0000021e9e9fba70
Event: 3341.515 Thread 0x0000021e9e9ff580 Thread added: 0x0000021e9e9ff580
Event: 3341.542 Thread 0x0000021e9ea002a0 Thread added: 0x0000021e9ea002a0
Event: 3341.543 Thread 0x0000021e9e9fe860 Thread added: 0x0000021e9e9fe860
Event: 3341.543 Thread 0x0000021e9e9fce20 Thread added: 0x0000021e9e9fce20
Event: 3341.568 Thread 0x0000021e9e9fe1d0 Thread added: 0x0000021e9e9fe1d0
Event: 3341.573 Thread 0x0000021e9e9fd4b0 Thread added: 0x0000021e9e9fd4b0
Event: 3341.640 Thread 0x0000021e9e9fdb40 Thread added: 0x0000021e9e9fdb40
Event: 3341.652 Thread 0x0000021e9e9feef0 Thread added: 0x0000021e9e9feef0
Event: 3341.732 Thread 0x0000021e9ea00fc0 Thread added: 0x0000021e9ea00fc0
Event: 3342.111 Thread 0x0000021e9e9fa6c0 Thread added: 0x0000021e9e9fa6c0
Event: 3342.163 Thread 0x0000021e9e9fad50 Thread added: 0x0000021e9e9fad50
Event: 3342.204 Thread 0x0000021e9e9fa030 Thread added: 0x0000021e9e9fa030


Dynamic libraries:
0x00007ff6406a0000 - 0x00007ff6406b0000 	C:\Program Files\Java\jdk-21\bin\java.exe
0x00007ffffe250000 - 0x00007ffffe448000 	C:\WINDOWS\SYSTEM32\ntdll.dll
0x00007ffffd8d0000 - 0x00007ffffd992000 	C:\WINDOWS\System32\KERNEL32.DLL
0x00007ffffba40000 - 0x00007ffffbd3f000 	C:\WINDOWS\System32\KERNELBASE.dll
0x00007ffffbd90000 - 0x00007ffffbe90000 	C:\WINDOWS\System32\ucrtbase.dll
0x00007fffeae70000 - 0x00007fffeae89000 	C:\Program Files\Java\jdk-21\bin\jli.dll
0x00007fffeae50000 - 0x00007fffeae6b000 	C:\Program Files\Java\jdk-21\bin\VCRUNTIME140.dll
0x00007ffffe100000 - 0x00007ffffe1af000 	C:\WINDOWS\System32\ADVAPI32.dll
0x00007ffffdb20000 - 0x00007ffffdbbe000 	C:\WINDOWS\System32\msvcrt.dll
0x00007ffffdd80000 - 0x00007ffffde1f000 	C:\WINDOWS\System32\sechost.dll
0x00007ffffcda0000 - 0x00007ffffcec3000 	C:\WINDOWS\System32\RPCRT4.dll
0x00007ffffbe90000 - 0x00007ffffbeb7000 	C:\WINDOWS\System32\bcrypt.dll
0x00007ffffced0000 - 0x00007ffffd06d000 	C:\WINDOWS\System32\USER32.dll
0x00007ffffb8f0000 - 0x00007ffffb912000 	C:\WINDOWS\System32\win32u.dll
0x00007ffffdaf0000 - 0x00007ffffdb1b000 	C:\WINDOWS\System32\GDI32.dll
0x00007ffffc020000 - 0x00007ffffc13a000 	C:\WINDOWS\System32\gdi32full.dll
0x00007ffffc1d0000 - 0x00007ffffc26d000 	C:\WINDOWS\System32\msvcp_win.dll
0x00007fffe5cf0000 - 0x00007fffe5f8a000 	C:\WINDOWS\WinSxS\amd64_microsoft.windows.common-controls_6595b64144ccf1df_6.0.19041.4355_none_60b8b9eb71f62e16\COMCTL32.dll
0x00007ffff1b90000 - 0x00007ffff1b9a000 	C:\WINDOWS\SYSTEM32\VERSION.dll
0x00007ffffd2f0000 - 0x00007ffffd31f000 	C:\WINDOWS\System32\IMM32.DLL
0x00007fffeae40000 - 0x00007fffeae4c000 	C:\Program Files\Java\jdk-21\bin\vcruntime140_1.dll
0x00007fffc0f10000 - 0x00007fffc0f9e000 	C:\Program Files\Java\jdk-21\bin\msvcp140.dll
0x00007fff7d160000 - 0x00007fff7de73000 	C:\Program Files\Java\jdk-21\bin\server\jvm.dll
0x00007ffffda70000 - 0x00007ffffdadb000 	C:\WINDOWS\System32\WS2_32.dll
0x00007ffffb750000 - 0x00007ffffb79b000 	C:\WINDOWS\SYSTEM32\POWRPROF.dll
0x00007fffebfd0000 - 0x00007fffebff7000 	C:\WINDOWS\SYSTEM32\WINMM.dll
0x00007ffffb680000 - 0x00007ffffb692000 	C:\WINDOWS\SYSTEM32\UMPDC.dll
0x00007ffffa160000 - 0x00007ffffa172000 	C:\WINDOWS\SYSTEM32\kernel.appcore.dll
0x00007fffeae30000 - 0x00007fffeae3a000 	C:\Program Files\Java\jdk-21\bin\jimage.dll
0x00007ffff9dd0000 - 0x00007ffff9fb4000 	C:\WINDOWS\SYSTEM32\DBGHELP.DLL
0x00007fffe53f0000 - 0x00007fffe5424000 	C:\WINDOWS\SYSTEM32\dbgcore.DLL
0x00007ffffc140000 - 0x00007ffffc1c2000 	C:\WINDOWS\System32\bcryptPrimitives.dll
0x00007fffcc680000 - 0x00007fffcc68f000 	C:\Program Files\Java\jdk-21\bin\instrument.dll
0x00007fffeae10000 - 0x00007fffeae2f000 	C:\Program Files\Java\jdk-21\bin\java.dll
0x00007ffffc5d0000 - 0x00007ffffcd3d000 	C:\WINDOWS\System32\SHELL32.dll
0x00007ffff94f0000 - 0x00007ffff9c94000 	C:\WINDOWS\SYSTEM32\windows.storage.dll
0x00007ffffc270000 - 0x00007ffffc5c5000 	C:\WINDOWS\System32\combase.dll
0x00007ffffb250000 - 0x00007ffffb27b000 	C:\WINDOWS\SYSTEM32\Wldp.dll
0x00007ffffd9a0000 - 0x00007ffffda6d000 	C:\WINDOWS\System32\OLEAUT32.dll
0x00007ffffd240000 - 0x00007ffffd2ed000 	C:\WINDOWS\System32\SHCORE.dll
0x00007ffffde30000 - 0x00007ffffde85000 	C:\WINDOWS\System32\shlwapi.dll
0x00007ffffb820000 - 0x00007ffffb845000 	C:\WINDOWS\SYSTEM32\profapi.dll
0x00007fff7d080000 - 0x00007fff7d157000 	C:\Program Files\Java\jdk-21\bin\jsvml.dll
0x00007fffc8450000 - 0x00007fffc8468000 	C:\Program Files\Java\jdk-21\bin\zip.dll
0x00007fffde9d0000 - 0x00007fffde9e0000 	C:\Program Files\Java\jdk-21\bin\net.dll
0x00007fffeca80000 - 0x00007fffecb8a000 	C:\WINDOWS\SYSTEM32\WINHTTP.dll
0x00007ffffafb0000 - 0x00007ffffb01c000 	C:\WINDOWS\system32\mswsock.dll
0x00007fffc88f0000 - 0x00007fffc8906000 	C:\Program Files\Java\jdk-21\bin\nio.dll
0x00007fffd04a0000 - 0x00007fffd04b0000 	C:\Program Files\Java\jdk-21\bin\verify.dll
0x00007fffeae90000 - 0x00007fffeaeb7000 	C:\Users\Justzurama\.gradle\native\660c5614fbf4a5f2a75b1949f50a0caf5cd603558e7d8a26e50b933a0cfb79d1\windows-amd64\native-platform.dll
0x00007fff84300000 - 0x00007fff84377000 	C:\Users\Justzurama\.gradle\native\0.2.8\x86_64-windows-gnu\gradle-fileevents.dll
0x00007ffff85a0000 - 0x00007ffff85aa000 	C:\Program Files\Java\jdk-21\bin\management.dll
0x00007fffda1a0000 - 0x00007fffda1ab000 	C:\Program Files\Java\jdk-21\bin\management_ext.dll
0x00007ffffdae0000 - 0x00007ffffdae8000 	C:\WINDOWS\System32\PSAPI.DLL
0x00007ffffac90000 - 0x00007ffffaccb000 	C:\WINDOWS\SYSTEM32\IPHLPAPI.DLL
0x00007ffffde20000 - 0x00007ffffde28000 	C:\WINDOWS\System32\NSI.dll
0x00007fffcdd60000 - 0x00007fffcdd69000 	C:\Program Files\Java\jdk-21\bin\extnet.dll
0x00007ffffb1b0000 - 0x00007ffffb1c8000 	C:\WINDOWS\SYSTEM32\CRYPTSP.dll
0x00007ffffa8d0000 - 0x00007ffffa908000 	C:\WINDOWS\system32\rsaenh.dll
0x00007ffffb7a0000 - 0x00007ffffb7ce000 	C:\WINDOWS\SYSTEM32\USERENV.dll
0x00007ffffb1a0000 - 0x00007ffffb1ac000 	C:\WINDOWS\SYSTEM32\CRYPTBASE.dll
0x00007fffcc2a0000 - 0x00007fffcc2ae000 	C:\Program Files\Java\jdk-21\bin\sunmscapi.dll
0x00007ffffbec0000 - 0x00007ffffc01c000 	C:\WINDOWS\System32\CRYPT32.dll
0x00007ffffb2c0000 - 0x00007ffffb2e7000 	C:\WINDOWS\SYSTEM32\ncrypt.dll
0x00007ffffb280000 - 0x00007ffffb2bb000 	C:\WINDOWS\SYSTEM32\NTASN1.dll
0x00007fffe2d80000 - 0x00007fffe2d87000 	C:\WINDOWS\system32\wshunix.dll
0x00007ffffab20000 - 0x00007ffffab53000 	C:\WINDOWS\SYSTEM32\ntmarta.dll

dbghelp: loaded successfully - version: 4.0.5 - missing functions: none
symbol engine: initialized successfully - sym options: 0x614 - pdb path: .;C:\Program Files\Java\jdk-21\bin;C:\WINDOWS\SYSTEM32;C:\WINDOWS\WinSxS\amd64_microsoft.windows.common-controls_6595b64144ccf1df_6.0.19041.4355_none_60b8b9eb71f62e16;C:\Program Files\Java\jdk-21\bin\server;C:\Users\Justzurama\.gradle\native\660c5614fbf4a5f2a75b1949f50a0caf5cd603558e7d8a26e50b933a0cfb79d1\windows-amd64;C:\Users\Justzurama\.gradle\native\0.2.8\x86_64-windows-gnu

VM Arguments:
jvm_args: --add-opens=java.base/java.lang=ALL-UNNAMED --add-opens=java.base/java.lang.invoke=ALL-UNNAMED --add-opens=java.base/java.util=ALL-UNNAMED --add-opens=java.prefs/java.util.prefs=ALL-UNNAMED --add-exports=jdk.compiler/com.sun.tools.javac.api=ALL-UNNAMED --add-exports=jdk.compiler/com.sun.tools.javac.util=ALL-UNNAMED --add-opens=java.base/java.util=ALL-UNNAMED --add-opens=java.prefs/java.util.prefs=ALL-UNNAMED --add-opens=java.base/java.nio.charset=ALL-UNNAMED --add-opens=java.base/java.net=ALL-UNNAMED --add-opens=java.base/java.util.concurrent=ALL-UNNAMED --add-opens=java.base/java.util.concurrent.atomic=ALL-UNNAMED --add-opens=java.xml/javax.xml.namespace=ALL-UNNAMED --add-opens=java.base/java.time=ALL-UNNAMED -Xmx2048m -Dfile.encoding=UTF-8 -Duser.country=US -Duser.language=en -Duser.variant -javaagent:C:\Users\Justzurama\.gradle\wrapper\dists\gradle-9.2.1-bin\2t0n5ozlw9xmuyvbp7dnzaxug\gradle-9.2.1\lib\agents\gradle-instrumentation-agent-9.2.1.jar 
java_command: org.gradle.launcher.daemon.bootstrap.GradleDaemon 9.2.1
java_class_path (initial): C:\Users\Justzurama\.gradle\wrapper\dists\gradle-9.2.1-bin\2t0n5ozlw9xmuyvbp7dnzaxug\gradle-9.2.1\lib\gradle-daemon-main-9.2.1.jar
Launcher Type: SUN_STANDARD

[Global flags]
     intx CICompilerCount                          = 2                                         {product} {ergonomic}
     uint ConcGCThreads                            = 1                                         {product} {ergonomic}
     uint G1ConcRefinementThreads                  = 2                                         {product} {ergonomic}
   size_t G1HeapRegionSize                         = 1048576                                   {product} {ergonomic}
    uintx GCDrainStackTargetSize                   = 64                                        {product} {ergonomic}
   size_t InitialHeapSize                          = 132120576                                 {product} {ergonomic}
   size_t MarkStackSize                            = 4194304                                   {product} {ergonomic}
   size_t MaxHeapSize                              = 2147483648                                {product} {command line}
   size_t MaxNewSize                               = 1287651328                                {product} {ergonomic}
   size_t MinHeapDeltaBytes                        = 1048576                                   {product} {ergonomic}
   size_t MinHeapSize                              = 8388608                                   {product} {ergonomic}
    uintx NonNMethodCodeHeapSize                   = 5826188                                {pd product} {ergonomic}
    uintx NonProfiledCodeHeapSize                  = 122916026                              {pd product} {ergonomic}
    uintx ProfiledCodeHeapSize                     = 122916026                              {pd product} {ergonomic}
    uintx ReservedCodeCacheSize                    = 251658240                              {pd product} {ergonomic}
     bool SegmentedCodeCache                       = true                                      {product} {ergonomic}
   size_t SoftMaxHeapSize                          = 2147483648                             {manageable} {ergonomic}
     bool UseCompressedOops                        = true                           {product lp64_product} {ergonomic}
     bool UseG1GC                                  = true                                      {product} {ergonomic}
     bool UseLargePagesIndividualAllocation        = false                                  {pd product} {ergonomic}

Logging:
Log output configuration:
 #0: stdout all=warning uptime,level,tags foldmultilines=false
 #1: stderr all=off uptime,level,tags foldmultilines=false

Environment Variables:
PATH=C:\Program Files\PowerShell\7;C:\Program Files\Common Files\Oracle\Java\javapath;C:\WINDOWS\system32;C:\WINDOWS;C:\WINDOWS\System32\Wbem;C:\WINDOWS\System32\WindowsPowerShell\v1.0\;C:\Program Files\dotnet\;E:\Installed apps\Git\cmd;C:\xampp\php;C:\ProgramData\ComposerSetup\bin;C:\Program Files\nodejs\;C:\ProgramData\chocolatey\bin;C:\WINDOWS\System32\OpenSSH\;C:\Windows\System32\;C:\Windows\System32\OpenSSH\;E:\Installed apps\PuTTY\;C:\Program Files\PowerShell\7\;C:\Program Files\MySQL\MySQL Shell 8.0\bin\;C:\Users\Justzurama\AppData\Local\Microsoft\WindowsApps;E:\Installed apps\IntelliJ IDEA Community Edition 2024.3\bin;;C:\Users\Justzurama\AppData\Local\Microsoft\WinGet\Links;C:\Users\Justzurama\AppData\Roaming\Composer\vendor\bin;C:\Users\Justzurama\AppData\Roaming\npm;C:\tools\dart-sdk\bin;C:\Users\Justzurama\AppData\Local\Pub\Cache\bin;D:\Program Files\flutter\bin;E:\Installed apps\Antigravity IDE\bin;c:\Users\Justzurama\.antigravity-ide\extensions\vscjava.vscode-java-debug-0.59.0-universal\bundled\scripts\noConfigScripts
USERNAME=Soera
LANG=en_US.UTF-8
OS=Windows_NT
PROCESSOR_IDENTIFIER=Intel64 Family 6 Model 122 Stepping 8, GenuineIntel
TMP=C:\Users\JUSTZU~1\AppData\Local\Temp
TEMP=C:\Users\JUSTZU~1\AppData\Local\Temp




Periodic native trim disabled

---------------  S Y S T E M  ---------------

OS:
 Windows 10 , 64 bit Build 19041 (10.0.19041.5438)
OS uptime: 0 days 1:38 hours

CPU: total 2 (initial active 2) (2 cores per cpu, 1 threads per core) family 6 model 122 stepping 8 microcode 0x16, cx8, cmov, fxsr, mmx, 3dnowpref, sse, sse2, sse3, ssse3, sse4.1, sse4.2, popcnt, tsc, tscinvbit, aes, erms, clmul, sha, clflush, clflushopt, rdtscp, rdpid
Processor Information for all 2 processors :
  Max Mhz: 1101, Current Mhz: 1101, Mhz Limit: 1101

Memory: 4k page, system-wide physical 7998M (938M free)
TotalPageFile size 10046M (AvailPageFile size 4M)
current process WorkingSet (physical memory assigned to process): 612M, peak: 706M
current process commit charge ("private bytes"): 710M, peak: 732M

vm_info: Java HotSpot(TM) 64-Bit Server VM (21.0.4+8-LTS-274) for windows-amd64 JRE (21.0.4+8-LTS-274), built on 2024-06-05T05:23:33Z by "mach5one" with MS VC++ 17.6 (VS2022)

END.
