#
# There is insufficient memory for the Java Runtime Environment to continue.
# Native memory allocation (mmap) failed to map 132120576 bytes for G1 virtual space
# Possible reasons:
#   The system is out of physical RAM or swap space
#   The process is running with CompressedOops enabled, and the Java Heap may be blocking the growth of the native heap
# Possible solutions:
#   Reduce memory load on the system
#   Increase physical memory or swap space
#   Check if swap backing store is full
#   Decrease Java heap size (-Xmx/-Xms)
#   Decrease number of Java threads
#   Decrease Java thread stack sizes (-Xss)
#   Set larger code cache with -XX:ReservedCodeCacheSize=
#   JVM is running with Unscaled Compressed Oops mode in which the Java heap is
#     placed in the first 4GB address space. The Java Heap base address is the
#     maximum limit for the native heap growth. Please use -XX:HeapBaseMinAddress
#     to set the Java Heap base and to place the Java Heap above 4GB virtual address.
# This output file may be truncated or incomplete.
#
#  Out of Memory Error (os_windows.cpp:3600), pid=4516, tid=1224
#
# JRE version:  (21.0.4+8) (build )
# Java VM: Java HotSpot(TM) 64-Bit Server VM (21.0.4+8-LTS-274, mixed mode, sharing, tiered, compressed oops, compressed class ptrs, g1 gc, windows-amd64)
# No core dump will be written. Minidumps are not enabled by default on client versions of Windows
#

---------------  S U M M A R Y ------------

Command Line: 

Host: Intel(R) Celeron(R) N4020 CPU @ 1.10GHz, 2 cores, 7G,  Windows 10 , 64 bit Build 19041 (10.0.19041.5438)
Time: Mon Jun 15 12:59:58 2026 Malay Peninsula Standard Time elapsed time: 0.042554 seconds (0d 0h 0m 0s)

---------------  T H R E A D  ---------------

Current thread (0x0000020d8042ad40):  JavaThread "Unknown thread" [_thread_in_vm, id=1224, stack(0x000000b7c4a00000,0x000000b7c4b00000) (1024K)]

Stack: [0x000000b7c4a00000,0x000000b7c4b00000]
Native frames: (J=compiled Java code, j=interpreted, Vv=VM code, C=native code)
V  [jvm.dll+0x6c8e59]
V  [jvm.dll+0x853181]
V  [jvm.dll+0x8556ae]
V  [jvm.dll+0x855d83]
V  [jvm.dll+0x27d526]
V  [jvm.dll+0x6c55f5]
V  [jvm.dll+0x6ba17a]
V  [jvm.dll+0x352a8a]
V  [jvm.dll+0x35a6e6]
V  [jvm.dll+0x3acdae]
V  [jvm.dll+0x3ad058]
V  [jvm.dll+0x326dec]
V  [jvm.dll+0x32794b]
V  [jvm.dll+0x81c569]
V  [jvm.dll+0x3b9a11]
V  [jvm.dll+0x805948]
V  [jvm.dll+0x44ec5e]
V  [jvm.dll+0x450851]
C  [jli.dll+0x52a3]
C  [ucrtbase.dll+0x21bb2]
C  [KERNEL32.DLL+0x17374]
C  [ntdll.dll+0x4cc91]


---------------  P R O C E S S  ---------------

Threads class SMR info:
_java_thread_list=0x00007fff7dd26c08, length=0, elements={
}

Java Threads: ( => current thread )
Total: 0

Other Threads:
  0x0000020d8259dbb0 WorkerThread "GC Thread#0"                     [id=3280, stack(0x000000b7c4b00000,0x000000b7c4c00000) (1024K)]
  0x0000020d825aeda0 ConcurrentGCThread "G1 Main Marker"            [id=11288, stack(0x000000b7c4c00000,0x000000b7c4d00000) (1024K)]
  0x0000020d825afa50 WorkerThread "G1 Conc#0"                       [id=9992, stack(0x000000b7c4d00000,0x000000b7c4e00000) (1024K)]

[error occurred during error reporting (printing all threads), id 0xc0000005, EXCEPTION_ACCESS_VIOLATION (0xc0000005) at pc=0x00007fff7d499577]
VM state: not at safepoint (not fully initialized)

VM Mutex/Monitor currently owned by a thread:  ([mutex/lock_event])
[0x00007fff7dd97f98] Heap_lock - owner thread: 0x0000020d8042ad40

Heap address: 0x0000000083000000, size: 2000 MB, Compressed Oops mode: 32-bit

CDS archive(s) mapped at: [0x0000000000000000-0x0000000000000000-0x0000000000000000), size 0, SharedBaseAddress: 0x0000000800000000, ArchiveRelocationMode: 1.
Narrow klass base: 0x0000000000000000, Narrow klass shift: 0, Narrow klass range: 0x0

GC Precious Log:
 CardTable entry size: 512
 Card Set container configuration: InlinePtr #cards 5 size 8 Array Of Cards #cards 12 size 40 Howl #buckets 4 coarsen threshold 1843 Howl Bitmap #cards 512 size 80 coarsen threshold 460 Card regions per heap region 1 cards per card region 2048

Heap:
 garbage-first heap   total 0K, used 0K [0x0000000083000000, 0x0000000100000000)
  region size 1024K, 0 young (0K), 0 survivors (0K)

[error occurred during error reporting (printing heap information), id 0xc0000005, EXCEPTION_ACCESS_VIOLATION (0xc0000005) at pc=0x00007fff7d881df9]
GC Heap History (0 events):
No events

Dll operation events (1 events):
Event: 0.012 Loaded shared library C:\Program Files\Java\jdk-21\bin\java.dll

Deoptimization events (0 events):
No events

Classes loaded (0 events):
No events

Classes unloaded (0 events):
No events

Classes redefined (0 events):
No events

Internal exceptions (0 events):
No events

ZGC Phase Switch (0 events):
No events

VM Operations (0 events):
No events

Events (0 events):
No events


Dynamic libraries:
0x00007ff6406a0000 - 0x00007ff6406b0000 	C:\Program Files\Java\jdk-21\bin\java.exe
0x00007ffffe250000 - 0x00007ffffe448000 	C:\WINDOWS\SYSTEM32\ntdll.dll
0x00007ffffd8d0000 - 0x00007ffffd992000 	C:\WINDOWS\System32\KERNEL32.DLL
0x00007ffffba40000 - 0x00007ffffbd3f000 	C:\WINDOWS\System32\KERNELBASE.dll
0x00007ffffbd90000 - 0x00007ffffbe90000 	C:\WINDOWS\System32\ucrtbase.dll
0x00007fffeae70000 - 0x00007fffeae89000 	C:\Program Files\Java\jdk-21\bin\jli.dll
0x00007ffffe100000 - 0x00007ffffe1af000 	C:\WINDOWS\System32\ADVAPI32.dll
0x00007ffffdb20000 - 0x00007ffffdbbe000 	C:\WINDOWS\System32\msvcrt.dll
0x00007ffffdd80000 - 0x00007ffffde1f000 	C:\WINDOWS\System32\sechost.dll
0x00007ffffcda0000 - 0x00007ffffcec3000 	C:\WINDOWS\System32\RPCRT4.dll
0x00007ffffbe90000 - 0x00007ffffbeb7000 	C:\WINDOWS\System32\bcrypt.dll
0x00007ffffced0000 - 0x00007ffffd06d000 	C:\WINDOWS\System32\USER32.dll
0x00007ffffb8f0000 - 0x00007ffffb912000 	C:\WINDOWS\System32\win32u.dll
0x00007ffffdaf0000 - 0x00007ffffdb1b000 	C:\WINDOWS\System32\GDI32.dll
0x00007ffffc020000 - 0x00007ffffc13a000 	C:\WINDOWS\System32\gdi32full.dll
0x00007ffffc1d0000 - 0x00007ffffc26d000 	C:\WINDOWS\System32\msvcp_win.dll
0x00007fffeae50000 - 0x00007fffeae6b000 	C:\Program Files\Java\jdk-21\bin\VCRUNTIME140.dll
0x00007fffe5cf0000 - 0x00007fffe5f8a000 	C:\WINDOWS\WinSxS\amd64_microsoft.windows.common-controls_6595b64144ccf1df_6.0.19041.4355_none_60b8b9eb71f62e16\COMCTL32.dll
0x00007ffff1b90000 - 0x00007ffff1b9a000 	C:\WINDOWS\SYSTEM32\VERSION.dll
0x00007ffffd2f0000 - 0x00007ffffd31f000 	C:\WINDOWS\System32\IMM32.DLL
0x00007fffeae40000 - 0x00007fffeae4c000 	C:\Program Files\Java\jdk-21\bin\vcruntime140_1.dll
0x00007fffc0f10000 - 0x00007fffc0f9e000 	C:\Program Files\Java\jdk-21\bin\msvcp140.dll
0x00007fff7d160000 - 0x00007fff7de73000 	C:\Program Files\Java\jdk-21\bin\server\jvm.dll
0x00007ffffda70000 - 0x00007ffffdadb000 	C:\WINDOWS\System32\WS2_32.dll
0x00007ffffb750000 - 0x00007ffffb79b000 	C:\WINDOWS\SYSTEM32\POWRPROF.dll
0x00007fffebfd0000 - 0x00007fffebff7000 	C:\WINDOWS\SYSTEM32\WINMM.dll
0x00007ffffb680000 - 0x00007ffffb692000 	C:\WINDOWS\SYSTEM32\UMPDC.dll
0x00007ffffa160000 - 0x00007ffffa172000 	C:\WINDOWS\SYSTEM32\kernel.appcore.dll
0x00007fffeae30000 - 0x00007fffeae3a000 	C:\Program Files\Java\jdk-21\bin\jimage.dll
0x00007ffff9dd0000 - 0x00007ffff9fb4000 	C:\WINDOWS\SYSTEM32\DBGHELP.DLL
0x00007fffe53f0000 - 0x00007fffe5424000 	C:\WINDOWS\SYSTEM32\dbgcore.DLL
0x00007ffffc140000 - 0x00007ffffc1c2000 	C:\WINDOWS\System32\bcryptPrimitives.dll
0x00007fffeae10000 - 0x00007fffeae2f000 	C:\Program Files\Java\jdk-21\bin\java.dll

dbghelp: loaded successfully - version: 4.0.5 - missing functions: none
symbol engine: initialized successfully - sym options: 0x614 - pdb path: .;C:\Program Files\Java\jdk-21\bin;C:\WINDOWS\SYSTEM32;C:\WINDOWS\WinSxS\amd64_microsoft.windows.common-controls_6595b64144ccf1df_6.0.19041.4355_none_60b8b9eb71f62e16;C:\Program Files\Java\jdk-21\bin\server

VM Arguments:
java_command: <unknown>
java_class_path (initial): <not set>
Launcher Type: SUN_STANDARD

[Global flags]
     intx CICompilerCount                          = 2                                         {product} {ergonomic}
     uint ConcGCThreads                            = 1                                         {product} {ergonomic}
     uint G1ConcRefinementThreads                  = 2                                         {product} {ergonomic}
   size_t G1HeapRegionSize                         = 1048576                                   {product} {ergonomic}
    uintx GCDrainStackTargetSize                   = 64                                        {product} {ergonomic}
   size_t InitialHeapSize                          = 132120576                                 {product} {ergonomic}
   size_t MarkStackSize                            = 4194304                                   {product} {ergonomic}
   size_t MaxHeapSize                              = 2097152000                                {product} {ergonomic}
   size_t MinHeapDeltaBytes                        = 1048576                                   {product} {ergonomic}
   size_t MinHeapSize                              = 8388608                                   {product} {ergonomic}
    uintx NonNMethodCodeHeapSize                   = 5826188                                {pd product} {ergonomic}
    uintx NonProfiledCodeHeapSize                  = 122916026                              {pd product} {ergonomic}
    uintx ProfiledCodeHeapSize                     = 122916026                              {pd product} {ergonomic}
    uintx ReservedCodeCacheSize                    = 251658240                              {pd product} {ergonomic}
     bool SegmentedCodeCache                       = true                                      {product} {ergonomic}
   size_t SoftMaxHeapSize                          = 2097152000                             {manageable} {ergonomic}
     bool UseCompressedOops                        = true                           {product lp64_product} {ergonomic}
     bool UseG1GC                                  = true                                      {product} {ergonomic}
     bool UseLargePagesIndividualAllocation        = false                                  {pd product} {ergonomic}

Logging:
Log output configuration:
 #0: stdout all=warning uptime,level,tags foldmultilines=false
 #1: stderr all=off uptime,level,tags foldmultilines=false

Environment Variables:
PATH=C:\Program Files\PowerShell\7;C:\Program Files\Common Files\Oracle\Java\javapath;C:\WINDOWS\system32;C:\WINDOWS;C:\WINDOWS\System32\Wbem;C:\WINDOWS\System32\WindowsPowerShell\v1.0\;C:\Program Files\dotnet\;E:\Installed apps\Git\cmd;C:\xampp\php;C:\ProgramData\ComposerSetup\bin;C:\Program Files\nodejs\;C:\ProgramData\chocolatey\bin;C:\WINDOWS\System32\OpenSSH\;C:\Windows\System32\;C:\Windows\System32\OpenSSH\;E:\Installed apps\PuTTY\;C:\Program Files\PowerShell\7\;C:\Program Files\MySQL\MySQL Shell 8.0\bin\;C:\Users\Justzurama\AppData\Local\Microsoft\WindowsApps;E:\Installed apps\IntelliJ IDEA Community Edition 2024.3\bin;;C:\Users\Justzurama\AppData\Local\Microsoft\WinGet\Links;C:\Users\Justzurama\AppData\Roaming\Composer\vendor\bin;C:\Users\Justzurama\AppData\Roaming\npm;C:\tools\dart-sdk\bin;C:\Users\Justzurama\AppData\Local\Pub\Cache\bin;D:\Program Files\flutter\bin;E:\Installed apps\Antigravity IDE\bin;c:\Users\Justzurama\.antigravity-ide\extensions\vscjava.vscode-java-debug-0.59.0-universal\bundled\scripts\noConfigScripts
USERNAME=Soera
LANG=en_US.UTF-8
OS=Windows_NT
PROCESSOR_IDENTIFIER=Intel64 Family 6 Model 122 Stepping 8, GenuineIntel
TMP=C:\Users\JUSTZU~1\AppData\Local\Temp
TEMP=C:\Users\JUSTZU~1\AppData\Local\Temp




Periodic native trim disabled

---------------  S Y S T E M  ---------------

OS:
 Windows 10 , 64 bit Build 19041 (10.0.19041.5438)
OS uptime: 0 days 1:38 hours

CPU: total 2 (initial active 2) (2 cores per cpu, 1 threads per core) family 6 model 122 stepping 8 microcode 0x16, cx8, cmov, fxsr, mmx, 3dnowpref, sse, sse2, sse3, ssse3, sse4.1, sse4.2, popcnt, tsc, tscinvbit, aes, erms, clmul, sha, clflush, clflushopt, rdtscp, rdpid
Processor Information for all 2 processors :
  Max Mhz: 1101, Current Mhz: 1101, Mhz Limit: 1101

Memory: 4k page, system-wide physical 7998M (1068M free)
TotalPageFile size 10046M (AvailPageFile size 113M)
current process WorkingSet (physical memory assigned to process): 10M, peak: 10M
current process commit charge ("private bytes"): 47M, peak: 173M

vm_info: Java HotSpot(TM) 64-Bit Server VM (21.0.4+8-LTS-274) for windows-amd64 JRE (21.0.4+8-LTS-274), built on 2024-06-05T05:23:33Z by "mach5one" with MS VC++ 17.6 (VS2022)

END.
